[2021-08-23 02:51:42] production.ERROR: View [profile.sidebar] not found. (View: /home/fansyme/domains/fansyme.com/private_html/resources/views/profile/user-profile.blade.php) {"userId":22,"exception":"[object] (ErrorException(code: 0): View [profile.sidebar] not found. (View: /home/fansyme/domains/fansyme.com/private_html/resources/views/profile/user-profile.blade.php) at /home/fansyme/domains/fansyme.com/private_html/vendor/laravel/framework/src/Illuminate/View/FileViewFinder.php:137)
[stacktrace]
#0 /home/fansyme/domains/fansyme.com/private_html/vendor/livewire/livewire/src/CompilerEngine.php(71): Illuminate\\View\\Engines\\CompilerEngine->handleViewException()
#1 /home/fansyme/domains/fansyme.com/private_html/vendor/laravel/framework/src/Illuminate/View/Engines/PhpEngine.php(45): Livewire\\CompilerEngine->handleViewException()
#2 /home/fansyme/domains/fansyme.com/private_html/vendor/livewire/livewire/src/LivewireViewCompilerEngine.php(36): Illuminate\\View\\Engines\\PhpEngine->evaluatePath()
#3 /home/fansyme/domains/fansyme.com/private_html/vendor/laravel/framework/src/Illuminate/View/Engines/CompilerEngine.php(59): Livewire\\LivewireViewCompilerEngine->evaluatePath()
#4 /home/fansyme/domains/fansyme.com/private_html/vendor/laravel/framework/src/Illuminate/View/View.php(143): Illuminate\\View\\Engines\\CompilerEngine->get()
#5 /home/fansyme/domains/fansyme.com/private_html/vendor/laravel/framework/src/Illuminate/View/View.php(126): Illuminate\\View\\View->getContents()
#6 /home/fansyme/domains/fansyme.com/private_html/vendor/laravel/framework/src/Illuminate/View/View.php(91): Illuminate\\View\\View->renderContents()
#7 /home/fansyme/domains/fansyme.com/private_html/vendor/laravel/framework/src/Illuminate/Http/Response.php(42): Illuminate\\View\\View->render()
#8 /home/fansyme/domains/fansyme.com/private_html/vendor/symfony/http-foundation/Response.php(205): Illuminate\\Http\\Response->setContent()
#9 /home/fansyme/domains/fansyme.com/private_html/vendor/laravel/framework/src/Illuminate/Routing/Router.php(754): Symfony\\Component\\HttpFoundation\\Response->__construct()
#10 /home/fansyme/domains/fansyme.com/private_html/vendor/laravel/framework/src/Illuminate/Routing/Router.php(726): Illuminate\\Routing\\Router::toResponse()
#11 /home/fansyme/domains/fansyme.com/private_html/vendor/laravel/framework/src/Illuminate/Routing/Router.php(686): Illuminate\\Routing\\Router->prepareResponse()
#12 /home/fansyme/domains/fansyme.com/private_html/vendor/laravel/framework/src/Illuminate/Pipeline/Pipeline.php(130): Illuminate\\Routing\\Router->Illuminate\\Routing\\{closure}()
#13 /home/fansyme/domains/fansyme.com/private_html/app/Http/Middleware/UserLastAuthMiddleware.php(59): Illuminate\\Pipeline\\Pipeline->Illuminate\\Pipeline\\{closure}()
#14 /home/fansyme/domains/fansyme.com/private_html/vendor/laravel/framework/src/Illuminate/Pipeline/Pipeline.php(171): App\\Http\\Middleware\\UserLastAuthMiddleware->handle()
#15 /home/fansyme/domains/fansyme.com/private_html/vendor/uxweb/sweet-alert/src/SweetAlert/ConvertMessagesIntoSweetAlert.php(49): Illuminate\\Pipeline\\Pipeline->Illuminate\\Pipeline\\{closure}()
#16 /home/fansyme/domains/fansyme.com/private_html/vendor/laravel/framework/src/Illuminate/Pipeline/Pipeline.php(171): UxWeb\\SweetAlert\\ConvertMessagesIntoSweetAlert->handle()
#17 /home/fansyme/domains/fansyme.com/private_html/vendor/laravel/framework/src/Illuminate/Routing/Middleware/SubstituteBindings.php(41): Illuminate\\Pipeline\\Pipeline->Illuminate\\Pipeline\\{closure}()
#18 /home/fansyme/domains/fansyme.com/private_html/vendor/laravel/framework/src/Illuminate/Pipeline/Pipeline.php(171): Illuminate\\Routing\\Middleware\\SubstituteBindings->handle()
#19 /home/fansyme/domains/fansyme.com/private_html/vendor/laravel/framework/src/Illuminate/Foundation/Http/Middleware/VerifyCsrfToken.php(77): Illuminate\\Pipeline\\Pipeline->Illuminate\\Pipeline\\{closure}()
#20 /home/fansyme/domains/fansyme.com/private_html/vendor/laravel/framework/src/Illuminate/Pipeline/Pipeline.php(171): Illuminate\\Foundation\\Http\\Middleware\\VerifyCsrfToken->handle()
#21 /home/fansyme/domains/fansyme.com/private_html/vendor/laravel/framework/src/Illuminate/View/Middleware/ShareErrorsFromSession.php(49): Illuminate\\Pipeline\\Pipeline->Illuminate\\Pipeline\\{closure}()
#22 /home/fansyme/domains/fansyme.com/private_html/vendor/laravel/framework/src/Illuminate/Pipeline/Pipeline.php(171): Illuminate\\View\\Middleware\\ShareErrorsFromSession->handle()
#23 /home/fansyme/domains/fansyme.com/private_html/vendor/laravel/framework/src/Illuminate/Session/Middleware/StartSession.php(56): Illuminate\\Pipeline\\Pipeline->Illuminate\\Pipeline\\{closure}()
#24 /home/fansyme/domains/fansyme.com/private_html/vendor/laravel/framework/src/Illuminate/Pipeline/Pipeline.php(171): Illuminate\\Session\\Middleware\\StartSession->handle()
#25 /home/fansyme/domains/fansyme.com/private_html/vendor/laravel/framework/src/Illuminate/Cookie/Middleware/AddQueuedCookiesToResponse.php(37): Illuminate\\Pipeline\\Pipeline->Illuminate\\Pipeline\\{closure}()
#26 /home/fansyme/domains/fansyme.com/private_html/vendor/laravel/framework/src/Illuminate/Pipeline/Pipeline.php(171): Illuminate\\Cookie\\Middleware\\AddQueuedCookiesToResponse->handle()
#27 /home/fansyme/domains/fansyme.com/private_html/vendor/laravel/framework/src/Illuminate/Cookie/Middleware/EncryptCookies.php(67): Illuminate\\Pipeline\\Pipeline->Illuminate\\Pipeline\\{closure}()
#28 /home/fansyme/domains/fansyme.com/private_html/vendor/laravel/framework/src/Illuminate/Pipeline/Pipeline.php(171): Illuminate\\Cookie\\Middleware\\EncryptCookies->handle()
#29 /home/fansyme/domains/fansyme.com/private_html/vendor/laravel/framework/src/Illuminate/Pipeline/Pipeline.php(105): Illuminate\\Pipeline\\Pipeline->Illuminate\\Pipeline\\{closure}()
#30 /home/fansyme/domains/fansyme.com/private_html/vendor/laravel/framework/src/Illuminate/Routing/Router.php(688): Illuminate\\Pipeline\\Pipeline->then()
#31 /home/fansyme/domains/fansyme.com/private_html/vendor/laravel/framework/src/Illuminate/Routing/Router.php(663): Illuminate\\Routing\\Router->runRouteWithinStack()
#32 /home/fansyme/domains/fansyme.com/private_html/vendor/laravel/framework/src/Illuminate/Routing/Router.php(629): Illuminate\\Routing\\Router->runRoute()
#33 /home/fansyme/domains/fansyme.com/private_html/vendor/laravel/framework/src/Illuminate/Routing/Router.php(618): Illuminate\\Routing\\Router->dispatchToRoute()
#34 /home/fansyme/domains/fansyme.com/private_html/vendor/laravel/framework/src/Illuminate/Foundation/Http/Kernel.php(172): Illuminate\\Routing\\Router->dispatch()
#35 /home/fansyme/domains/fansyme.com/private_html/vendor/laravel/framework/src/Illuminate/Pipeline/Pipeline.php(130): Illuminate\\Foundation\\Http\\Kernel->Illuminate\\Foundation\\Http\\{closure}()
#36 /home/fansyme/domains/fansyme.com/private_html/vendor/fideloper/proxy/src/TrustProxies.php(57): Illuminate\\Pipeline\\Pipeline->Illuminate\\Pipeline\\{closure}()
#37 /home/fansyme/domains/fansyme.com/private_html/vendor/laravel/framework/src/Illuminate/Pipeline/Pipeline.php(171): Fideloper\\Proxy\\TrustProxies->handle()
#38 /home/fansyme/domains/fansyme.com/private_html/vendor/laravel/framework/src/Illuminate/Foundation/Http/Middleware/TransformsRequest.php(21): Illuminate\\Pipeline\\Pipeline->Illuminate\\Pipeline\\{closure}()
#39 /home/fansyme/domains/fansyme.com/private_html/vendor/laravel/framework/src/Illuminate/Pipeline/Pipeline.php(171): Illuminate\\Foundation\\Http\\Middleware\\TransformsRequest->handle()
#40 /home/fansyme/domains/fansyme.com/private_html/vendor/laravel/framework/src/Illuminate/Foundation/Http/Middleware/TransformsRequest.php(21): Illuminate\\Pipeline\\Pipeline->Illuminate\\Pipeline\\{closure}()
#41 /home/fansyme/domains/fansyme.com/private_html/vendor/laravel/framework/src/Illuminate/Pipeline/Pipeline.php(171): Illuminate\\Foundation\\Http\\Middleware\\TransformsRequest->handle()
#42 /home/fansyme/domains/fansyme.com/private_html/vendor/laravel/framework/src/Illuminate/Foundation/Http/Middleware/ValidatePostSize.php(27): Illuminate\\Pipeline\\Pipeline->Illuminate\\Pipeline\\{closure}()
#43 /home/fansyme/domains/fansyme.com/private_html/vendor/laravel/framework/src/Illuminate/Pipeline/Pipeline.php(171): Illuminate\\Foundation\\Http\\Middleware\\ValidatePostSize->handle()
#44 /home/fansyme/domains/fansyme.com/private_html/vendor/laravel/framework/src/Illuminate/Foundation/Http/Middleware/CheckForMaintenanceMode.php(63): Illuminate\\Pipeline\\Pipeline->Illuminate\\Pipeline\\{closure}()
#45 /home/fansyme/domains/fansyme.com/private_html/vendor/laravel/framework/src/Illuminate/Pipeline/Pipeline.php(171): Illuminate\\Foundation\\Http\\Middleware\\CheckForMaintenanceMode->handle()
#46 /home/fansyme/domains/fansyme.com/private_html/vendor/laravel/framework/src/Illuminate/Pipeline/Pipeline.php(105): Illuminate\\Pipeline\\Pipeline->Illuminate\\Pipeline\\{closure}()
#47 /home/fansyme/domains/fansyme.com/private_html/vendor/laravel/framework/src/Illuminate/Foundation/Http/Kernel.php(147): Illuminate\\Pipeline\\Pipeline->then()
#48 /home/fansyme/domains/fansyme.com/private_html/vendor/laravel/framework/src/Illuminate/Foundation/Http/Kernel.php(112): Illuminate\\Foundation\\Http\\Kernel->sendRequestThroughRouter()
#49 /home/fansyme/domains/fansyme.com/private_html/index.php(53): Illuminate\\Foundation\\Http\\Kernel->handle()
#50 {main}

[previous exception] [object] (InvalidArgumentException(code: 0): View [profile.sidebar] not found. at /home/fansyme/domains/fansyme.com/private_html/vendor/laravel/framework/src/Illuminate/View/FileViewFinder.php:137)
[stacktrace]
#0 /home/fansyme/domains/fansyme.com/private_html/vendor/laravel/framework/src/Illuminate/View/FileViewFinder.php(79): Illuminate\\View\\FileViewFinder->findInPaths()
#1 /home/fansyme/domains/fansyme.com/private_html/vendor/laravel/framework/src/Illuminate/View/Factory.php(131): Illuminate\\View\\FileViewFinder->find()
#2 /home/fansyme/domains/fansyme.com/private_html/storage/framework/views/6ec9c6326b90646630f1b0cfbbfb1caae39741d2.php(37): Illuminate\\View\\Factory->make()
#3 /home/fansyme/domains/fansyme.com/private_html/vendor/laravel/framework/src/Illuminate/View/Engines/PhpEngine.php(43): include('/home/fansyme/d...')
#4 /home/fansyme/domains/fansyme.com/private_html/vendor/livewire/livewire/src/LivewireViewCompilerEngine.php(36): Illuminate\\View\\Engines\\PhpEngine->evaluatePath()
#5 /home/fansyme/domains/fansyme.com/private_html/vendor/laravel/framework/src/Illuminate/View/Engines/CompilerEngine.php(59): Livewire\\LivewireViewCompilerEngine->evaluatePath()
#6 /home/fansyme/domains/fansyme.com/private_html/vendor/laravel/framework/src/Illuminate/View/View.php(143): Illuminate\\View\\Engines\\CompilerEngine->get()
#7 /home/fansyme/domains/fansyme.com/private_html/vendor/laravel/framework/src/Illuminate/View/View.php(126): Illuminate\\View\\View->getContents()
#8 /home/fansyme/domains/fansyme.com/private_html/vendor/laravel/framework/src/Illuminate/View/View.php(91): Illuminate\\View\\View->renderContents()
#9 /home/fansyme/domains/fansyme.com/private_html/vendor/laravel/framework/src/Illuminate/Http/Response.php(42): Illuminate\\View\\View->render()
#10 /home/fansyme/domains/fansyme.com/private_html/vendor/symfony/http-foundation/Response.php(205): Illuminate\\Http\\Response->setContent()
#11 /home/fansyme/domains/fansyme.com/private_html/vendor/laravel/framework/src/Illuminate/Routing/Router.php(754): Symfony\\Component\\HttpFoundation\\Response->__construct()
#12 /home/fansyme/domains/fansyme.com/private_html/vendor/laravel/framework/src/Illuminate/Routing/Router.php(726): Illuminate\\Routing\\Router::toResponse()
#13 /home/fansyme/domains/fansyme.com/private_html/vendor/laravel/framework/src/Illuminate/Routing/Router.php(686): Illuminate\\Routing\\Router->prepareResponse()
#14 /home/fansyme/domains/fansyme.com/private_html/vendor/laravel/framework/src/Illuminate/Pipeline/Pipeline.php(130): Illuminate\\Routing\\Router->Illuminate\\Routing\\{closure}()
#15 /home/fansyme/domains/fansyme.com/private_html/app/Http/Middleware/UserLastAuthMiddleware.php(59): Illuminate\\Pipeline\\Pipeline->Illuminate\\Pipeline\\{closure}()
#16 /home/fansyme/domains/fansyme.com/private_html/vendor/laravel/framework/src/Illuminate/Pipeline/Pipeline.php(171): App\\Http\\Middleware\\UserLastAuthMiddleware->handle()
#17 /home/fansyme/domains/fansyme.com/private_html/vendor/uxweb/sweet-alert/src/SweetAlert/ConvertMessagesIntoSweetAlert.php(49): Illuminate\\Pipeline\\Pipeline->Illuminate\\Pipeline\\{closure}()
#18 /home/fansyme/domains/fansyme.com/private_html/vendor/laravel/framework/src/Illuminate/Pipeline/Pipeline.php(171): UxWeb\\SweetAlert\\ConvertMessagesIntoSweetAlert->handle()
#19 /home/fansyme/domains/fansyme.com/private_html/vendor/laravel/framework/src/Illuminate/Routing/Middleware/SubstituteBindings.php(41): Illuminate\\Pipeline\\Pipeline->Illuminate\\Pipeline\\{closure}()
#20 /home/fansyme/domains/fansyme.com/private_html/vendor/laravel/framework/src/Illuminate/Pipeline/Pipeline.php(171): Illuminate\\Routing\\Middleware\\SubstituteBindings->handle()
#21 /home/fansyme/domains/fansyme.com/private_html/vendor/laravel/framework/src/Illuminate/Foundation/Http/Middleware/VerifyCsrfToken.php(77): Illuminate\\Pipeline\\Pipeline->Illuminate\\Pipeline\\{closure}()
#22 /home/fansyme/domains/fansyme.com/private_html/vendor/laravel/framework/src/Illuminate/Pipeline/Pipeline.php(171): Illuminate\\Foundation\\Http\\Middleware\\VerifyCsrfToken->handle()
#23 /home/fansyme/domains/fansyme.com/private_html/vendor/laravel/framework/src/Illuminate/View/Middleware/ShareErrorsFromSession.php(49): Illuminate\\Pipeline\\Pipeline->Illuminate\\Pipeline\\{closure}()
#24 /home/fansyme/domains/fansyme.com/private_html/vendor/laravel/framework/src/Illuminate/Pipeline/Pipeline.php(171): Illuminate\\View\\Middleware\\ShareErrorsFromSession->handle()
#25 /home/fansyme/domains/fansyme.com/private_html/vendor/laravel/framework/src/Illuminate/Session/Middleware/StartSession.php(56): Illuminate\\Pipeline\\Pipeline->Illuminate\\Pipeline\\{closure}()
#26 /home/fansyme/domains/fansyme.com/private_html/vendor/laravel/framework/src/Illuminate/Pipeline/Pipeline.php(171): Illuminate\\Session\\Middleware\\StartSession->handle()
#27 /home/fansyme/domains/fansyme.com/private_html/vendor/laravel/framework/src/Illuminate/Cookie/Middleware/AddQueuedCookiesToResponse.php(37): Illuminate\\Pipeline\\Pipeline->Illuminate\\Pipeline\\{closure}()
#28 /home/fansyme/domains/fansyme.com/private_html/vendor/laravel/framework/src/Illuminate/Pipeline/Pipeline.php(171): Illuminate\\Cookie\\Middleware\\AddQueuedCookiesToResponse->handle()
#29 /home/fansyme/domains/fansyme.com/private_html/vendor/laravel/framework/src/Illuminate/Cookie/Middleware/EncryptCookies.php(67): Illuminate\\Pipeline\\Pipeline->Illuminate\\Pipeline\\{closure}()
#30 /home/fansyme/domains/fansyme.com/private_html/vendor/laravel/framework/src/Illuminate/Pipeline/Pipeline.php(171): Illuminate\\Cookie\\Middleware\\EncryptCookies->handle()
#31 /home/fansyme/domains/fansyme.com/private_html/vendor/laravel/framework/src/Illuminate/Pipeline/Pipeline.php(105): Illuminate\\Pipeline\\Pipeline->Illuminate\\Pipeline\\{closure}()
#32 /home/fansyme/domains/fansyme.com/private_html/vendor/laravel/framework/src/Illuminate/Routing/Router.php(688): Illuminate\\Pipeline\\Pipeline->then()
#33 /home/fansyme/domains/fansyme.com/private_html/vendor/laravel/framework/src/Illuminate/Routing/Router.php(663): Illuminate\\Routing\\Router->runRouteWithinStack()
#34 /home/fansyme/domains/fansyme.com/private_html/vendor/laravel/framework/src/Illuminate/Routing/Router.php(629): Illuminate\\Routing\\Router->runRoute()
#35 /home/fansyme/domains/fansyme.com/private_html/vendor/laravel/framework/src/Illuminate/Routing/Router.php(618): Illuminate\\Routing\\Router->dispatchToRoute()
#36 /home/fansyme/domains/fansyme.com/private_html/vendor/laravel/framework/src/Illuminate/Foundation/Http/Kernel.php(172): Illuminate\\Routing\\Router->dispatch()
#37 /home/fansyme/domains/fansyme.com/private_html/vendor/laravel/framework/src/Illuminate/Pipeline/Pipeline.php(130): Illuminate\\Foundation\\Http\\Kernel->Illuminate\\Foundation\\Http\\{closure}()
#38 /home/fansyme/domains/fansyme.com/private_html/vendor/fideloper/proxy/src/TrustProxies.php(57): Illuminate\\Pipeline\\Pipeline->Illuminate\\Pipeline\\{closure}()
#39 /home/fansyme/domains/fansyme.com/private_html/vendor/laravel/framework/src/Illuminate/Pipeline/Pipeline.php(171): Fideloper\\Proxy\\TrustProxies->handle()
#40 /home/fansyme/domains/fansyme.com/private_html/vendor/laravel/framework/src/Illuminate/Foundation/Http/Middleware/TransformsRequest.php(21): Illuminate\\Pipeline\\Pipeline->Illuminate\\Pipeline\\{closure}()
#41 /home/fansyme/domains/fansyme.com/private_html/vendor/laravel/framework/src/Illuminate/Pipeline/Pipeline.php(171): Illuminate\\Foundation\\Http\\Middleware\\TransformsRequest->handle()
#42 /home/fansyme/domains/fansyme.com/private_html/vendor/laravel/framework/src/Illuminate/Foundation/Http/Middleware/TransformsRequest.php(21): Illuminate\\Pipeline\\Pipeline->Illuminate\\Pipeline\\{closure}()
#43 /home/fansyme/domains/fansyme.com/private_html/vendor/laravel/framework/src/Illuminate/Pipeline/Pipeline.php(171): Illuminate\\Foundation\\Http\\Middleware\\TransformsRequest->handle()
#44 /home/fansyme/domains/fansyme.com/private_html/vendor/laravel/framework/src/Illuminate/Foundation/Http/Middleware/ValidatePostSize.php(27): Illuminate\\Pipeline\\Pipeline->Illuminate\\Pipeline\\{closure}()
#45 /home/fansyme/domains/fansyme.com/private_html/vendor/laravel/framework/src/Illuminate/Pipeline/Pipeline.php(171): Illuminate\\Foundation\\Http\\Middleware\\ValidatePostSize->handle()
#46 /home/fansyme/domains/fansyme.com/private_html/vendor/laravel/framework/src/Illuminate/Foundation/Http/Middleware/CheckForMaintenanceMode.php(63): Illuminate\\Pipeline\\Pipeline->Illuminate\\Pipeline\\{closure}()
#47 /home/fansyme/domains/fansyme.com/private_html/vendor/laravel/framework/src/Illuminate/Pipeline/Pipeline.php(171): Illuminate\\Foundation\\Http\\Middleware\\CheckForMaintenanceMode->handle()
#48 /home/fansyme/domains/fansyme.com/private_html/vendor/laravel/framework/src/Illuminate/Pipeline/Pipeline.php(105): Illuminate\\Pipeline\\Pipeline->Illuminate\\Pipeline\\{closure}()
#49 /home/fansyme/domains/fansyme.com/private_html/vendor/laravel/framework/src/Illuminate/Foundation/Http/Kernel.php(147): Illuminate\\Pipeline\\Pipeline->then()
#50 /home/fansyme/domains/fansyme.com/private_html/vendor/laravel/framework/src/Illuminate/Foundation/Http/Kernel.php(112): Illuminate\\Foundation\\Http\\Kernel->sendRequestThroughRouter()
#51 /home/fansyme/domains/fansyme.com/private_html/index.php(53): Illuminate\\Foundation\\Http\\Kernel->handle()
#52 {main}
"} 
[2021-08-23 03:00:04] production.ERROR: require(/home/fansyme/domains/fansyme.com/private_html/routes/web.php): failed to open stream: No such file or directory {"exception":"[object] (ErrorException(code: 0): require(/home/fansyme/domains/fansyme.com/private_html/routes/web.php): failed to open stream: No such file or directory at /home/fansyme/domains/fansyme.com/private_html/vendor/laravel/framework/src/Illuminate/Routing/RouteFileRegistrar.php:35)
[stacktrace]
#0 /home/fansyme/domains/fansyme.com/private_html/vendor/laravel/framework/src/Illuminate/Routing/RouteFileRegistrar.php(35): Illuminate\\Foundation\\Bootstrap\\HandleExceptions->handleError()
#1 /home/fansyme/domains/fansyme.com/private_html/vendor/laravel/framework/src/Illuminate/Routing/RouteFileRegistrar.php(35): require()
#2 /home/fansyme/domains/fansyme.com/private_html/vendor/laravel/framework/src/Illuminate/Routing/Router.php(421): Illuminate\\Routing\\RouteFileRegistrar->register()
#3 /home/fansyme/domains/fansyme.com/private_html/vendor/laravel/framework/src/Illuminate/Routing/Router.php(379): Illuminate\\Routing\\Router->loadRoutes()
#4 /home/fansyme/domains/fansyme.com/private_html/vendor/laravel/framework/src/Illuminate/Routing/RouteRegistrar.php(122): Illuminate\\Routing\\Router->group()
#5 /home/fansyme/domains/fansyme.com/private_html/app/Providers/RouteServiceProvider.php(56): Illuminate\\Routing\\RouteRegistrar->group()
#6 /home/fansyme/domains/fansyme.com/private_html/app/Providers/RouteServiceProvider.php(40): App\\Providers\\RouteServiceProvider->mapWebRoutes()
#7 /home/fansyme/domains/fansyme.com/private_html/vendor/laravel/framework/src/Illuminate/Container/BoundMethod.php(36): App\\Providers\\RouteServiceProvider->map()
#8 /home/fansyme/domains/fansyme.com/private_html/vendor/laravel/framework/src/Illuminate/Container/Util.php(37): Illuminate\\Container\\BoundMethod::Illuminate\\Container\\{closure}()
#9 /home/fansyme/domains/fansyme.com/private_html/vendor/laravel/framework/src/Illuminate/Container/BoundMethod.php(93): Illuminate\\Container\\Util::unwrapIfClosure()
#10 /home/fansyme/domains/fansyme.com/private_html/vendor/laravel/framework/src/Illuminate/Container/BoundMethod.php(37): Illuminate\\Container\\BoundMethod::callBoundMethod()
#11 /home/fansyme/domains/fansyme.com/private_html/vendor/laravel/framework/src/Illuminate/Container/Container.php(590): Illuminate\\Container\\BoundMethod::call()
#12 /home/fansyme/domains/fansyme.com/private_html/vendor/laravel/framework/src/Illuminate/Foundation/Support/Providers/RouteServiceProvider.php(87): Illuminate\\Container\\Container->call()
#13 /home/fansyme/domains/fansyme.com/private_html/vendor/laravel/framework/src/Illuminate/Foundation/Support/Providers/RouteServiceProvider.php(36): Illuminate\\Foundation\\Support\\Providers\\RouteServiceProvider->loadRoutes()
#14 /home/fansyme/domains/fansyme.com/private_html/app/Providers/RouteServiceProvider.php(28): Illuminate\\Foundation\\Support\\Providers\\RouteServiceProvider->boot()
#15 /home/fansyme/domains/fansyme.com/private_html/vendor/laravel/framework/src/Illuminate/Container/BoundMethod.php(36): App\\Providers\\RouteServiceProvider->boot()
#16 /home/fansyme/domains/fansyme.com/private_html/vendor/laravel/framework/src/Illuminate/Container/Util.php(37): Illuminate\\Container\\BoundMethod::Illuminate\\Container\\{closure}()
#17 /home/fansyme/domains/fansyme.com/private_html/vendor/laravel/framework/src/Illuminate/Container/BoundMethod.php(93): Illuminate\\Container\\Util::unwrapIfClosure()
#18 /home/fansyme/domains/fansyme.com/private_html/vendor/laravel/framework/src/Illuminate/Container/BoundMethod.php(37): Illuminate\\Container\\BoundMethod::callBoundMethod()
#19 /home/fansyme/domains/fansyme.com/private_html/vendor/laravel/framework/src/Illuminate/Container/Container.php(590): Illuminate\\Container\\BoundMethod::call()
#20 /home/fansyme/domains/fansyme.com/private_html/vendor/laravel/framework/src/Illuminate/Foundation/Application.php(856): Illuminate\\Container\\Container->call()
#21 /home/fansyme/domains/fansyme.com/private_html/vendor/laravel/framework/src/Illuminate/Foundation/Application.php(839): Illuminate\\Foundation\\Application->bootProvider()
#22 [internal function]: Illuminate\\Foundation\\Application->Illuminate\\Foundation\\{closure}()
#23 /home/fansyme/domains/fansyme.com/private_html/vendor/laravel/framework/src/Illuminate/Foundation/Application.php(840): array_walk()
#24 /home/fansyme/domains/fansyme.com/private_html/vendor/laravel/framework/src/Illuminate/Foundation/Bootstrap/BootProviders.php(17): Illuminate\\Foundation\\Application->boot()
#25 /home/fansyme/domains/fansyme.com/private_html/vendor/laravel/framework/src/Illuminate/Foundation/Application.php(219): Illuminate\\Foundation\\Bootstrap\\BootProviders->bootstrap()
#26 /home/fansyme/domains/fansyme.com/private_html/vendor/laravel/framework/src/Illuminate/Foundation/Http/Kernel.php(158): Illuminate\\Foundation\\Application->bootstrapWith()
#27 /home/fansyme/domains/fansyme.com/private_html/vendor/laravel/framework/src/Illuminate/Foundation/Http/Kernel.php(142): Illuminate\\Foundation\\Http\\Kernel->bootstrap()
#28 /home/fansyme/domains/fansyme.com/private_html/vendor/laravel/framework/src/Illuminate/Foundation/Http/Kernel.php(112): Illuminate\\Foundation\\Http\\Kernel->sendRequestThroughRouter()
#29 /home/fansyme/domains/fansyme.com/private_html/index.php(53): Illuminate\\Foundation\\Http\\Kernel->handle()
#30 {main}
"} 
[2021-08-23 03:04:21] production.ERROR: View [livewire.message] not found. (View: /home/fansyme/domains/fansyme.com/private_html/resources/views/messages/inbox.blade.php) {"userId":22,"exception":"[object] (ErrorException(code: 0): View [livewire.message] not found. (View: /home/fansyme/domains/fansyme.com/private_html/resources/views/messages/inbox.blade.php) at /home/fansyme/domains/fansyme.com/private_html/vendor/laravel/framework/src/Illuminate/View/FileViewFinder.php:137)
[stacktrace]
#0 /home/fansyme/domains/fansyme.com/private_html/vendor/livewire/livewire/src/CompilerEngine.php(71): Illuminate\\View\\Engines\\CompilerEngine->handleViewException()
#1 /home/fansyme/domains/fansyme.com/private_html/vendor/laravel/framework/src/Illuminate/View/Engines/PhpEngine.php(45): Livewire\\CompilerEngine->handleViewException()
#2 /home/fansyme/domains/fansyme.com/private_html/vendor/livewire/livewire/src/LivewireViewCompilerEngine.php(36): Illuminate\\View\\Engines\\PhpEngine->evaluatePath()
#3 /home/fansyme/domains/fansyme.com/private_html/vendor/laravel/framework/src/Illuminate/View/Engines/CompilerEngine.php(59): Livewire\\LivewireViewCompilerEngine->evaluatePath()
#4 /home/fansyme/domains/fansyme.com/private_html/vendor/laravel/framework/src/Illuminate/View/View.php(143): Illuminate\\View\\Engines\\CompilerEngine->get()
#5 /home/fansyme/domains/fansyme.com/private_html/vendor/laravel/framework/src/Illuminate/View/View.php(126): Illuminate\\View\\View->getContents()
#6 /home/fansyme/domains/fansyme.com/private_html/vendor/laravel/framework/src/Illuminate/View/View.php(91): Illuminate\\View\\View->renderContents()
#7 /home/fansyme/domains/fansyme.com/private_html/vendor/laravel/framework/src/Illuminate/Http/Response.php(42): Illuminate\\View\\View->render()
#8 /home/fansyme/domains/fansyme.com/private_html/vendor/symfony/http-foundation/Response.php(205): Illuminate\\Http\\Response->setContent()
#9 /home/fansyme/domains/fansyme.com/private_html/vendor/laravel/framework/src/Illuminate/Routing/Router.php(754): Symfony\\Component\\HttpFoundation\\Response->__construct()
#10 /home/fansyme/domains/fansyme.com/private_html/vendor/laravel/framework/src/Illuminate/Routing/Router.php(726): Illuminate\\Routing\\Router::toResponse()
#11 /home/fansyme/domains/fansyme.com/private_html/vendor/laravel/framework/src/Illuminate/Routing/Router.php(686): Illuminate\\Routing\\Router->prepareResponse()
#12 /home/fansyme/domains/fansyme.com/private_html/vendor/laravel/framework/src/Illuminate/Pipeline/Pipeline.php(130): Illuminate\\Routing\\Router->Illuminate\\Routing\\{closure}()
#13 /home/fansyme/domains/fansyme.com/private_html/app/Http/Middleware/UserLastAuthMiddleware.php(59): Illuminate\\Pipeline\\Pipeline->Illuminate\\Pipeline\\{closure}()
#14 /home/fansyme/domains/fansyme.com/private_html/vendor/laravel/framework/src/Illuminate/Pipeline/Pipeline.php(171): App\\Http\\Middleware\\UserLastAuthMiddleware->handle()
#15 /home/fansyme/domains/fansyme.com/private_html/vendor/uxweb/sweet-alert/src/SweetAlert/ConvertMessagesIntoSweetAlert.php(49): Illuminate\\Pipeline\\Pipeline->Illuminate\\Pipeline\\{closure}()
#16 /home/fansyme/domains/fansyme.com/private_html/vendor/laravel/framework/src/Illuminate/Pipeline/Pipeline.php(171): UxWeb\\SweetAlert\\ConvertMessagesIntoSweetAlert->handle()
#17 /home/fansyme/domains/fansyme.com/private_html/vendor/laravel/framework/src/Illuminate/Routing/Middleware/SubstituteBindings.php(41): Illuminate\\Pipeline\\Pipeline->Illuminate\\Pipeline\\{closure}()
#18 /home/fansyme/domains/fansyme.com/private_html/vendor/laravel/framework/src/Illuminate/Pipeline/Pipeline.php(171): Illuminate\\Routing\\Middleware\\SubstituteBindings->handle()
#19 /home/fansyme/domains/fansyme.com/private_html/vendor/laravel/framework/src/Illuminate/Auth/Middleware/Authenticate.php(43): Illuminate\\Pipeline\\Pipeline->Illuminate\\Pipeline\\{closure}()
#20 /home/fansyme/domains/fansyme.com/private_html/vendor/laravel/framework/src/Illuminate/Pipeline/Pipeline.php(171): Illuminate\\Auth\\Middleware\\Authenticate->handle()
#21 /home/fansyme/domains/fansyme.com/private_html/vendor/laravel/framework/src/Illuminate/Foundation/Http/Middleware/VerifyCsrfToken.php(77): Illuminate\\Pipeline\\Pipeline->Illuminate\\Pipeline\\{closure}()
#22 /home/fansyme/domains/fansyme.com/private_html/vendor/laravel/framework/src/Illuminate/Pipeline/Pipeline.php(171): Illuminate\\Foundation\\Http\\Middleware\\VerifyCsrfToken->handle()
#23 /home/fansyme/domains/fansyme.com/private_html/vendor/laravel/framework/src/Illuminate/View/Middleware/ShareErrorsFromSession.php(49): Illuminate\\Pipeline\\Pipeline->Illuminate\\Pipeline\\{closure}()
#24 /home/fansyme/domains/fansyme.com/private_html/vendor/laravel/framework/src/Illuminate/Pipeline/Pipeline.php(171): Illuminate\\View\\Middleware\\ShareErrorsFromSession->handle()
#25 /home/fansyme/domains/fansyme.com/private_html/vendor/laravel/framework/src/Illuminate/Session/Middleware/StartSession.php(56): Illuminate\\Pipeline\\Pipeline->Illuminate\\Pipeline\\{closure}()
#26 /home/fansyme/domains/fansyme.com/private_html/vendor/laravel/framework/src/Illuminate/Pipeline/Pipeline.php(171): Illuminate\\Session\\Middleware\\StartSession->handle()
#27 /home/fansyme/domains/fansyme.com/private_html/vendor/laravel/framework/src/Illuminate/Cookie/Middleware/AddQueuedCookiesToResponse.php(37): Illuminate\\Pipeline\\Pipeline->Illuminate\\Pipeline\\{closure}()
#28 /home/fansyme/domains/fansyme.com/private_html/vendor/laravel/framework/src/Illuminate/Pipeline/Pipeline.php(171): Illuminate\\Cookie\\Middleware\\AddQueuedCookiesToResponse->handle()
#29 /home/fansyme/domains/fansyme.com/private_html/vendor/laravel/framework/src/Illuminate/Cookie/Middleware/EncryptCookies.php(67): Illuminate\\Pipeline\\Pipeline->Illuminate\\Pipeline\\{closure}()
#30 /home/fansyme/domains/fansyme.com/private_html/vendor/laravel/framework/src/Illuminate/Pipeline/Pipeline.php(171): Illuminate\\Cookie\\Middleware\\EncryptCookies->handle()
#31 /home/fansyme/domains/fansyme.com/private_html/vendor/laravel/framework/src/Illuminate/Pipeline/Pipeline.php(105): Illuminate\\Pipeline\\Pipeline->Illuminate\\Pipeline\\{closure}()
#32 /home/fansyme/domains/fansyme.com/private_html/vendor/laravel/framework/src/Illuminate/Routing/Router.php(688): Illuminate\\Pipeline\\Pipeline->then()
#33 /home/fansyme/domains/fansyme.com/private_html/vendor/laravel/framework/src/Illuminate/Routing/Router.php(663): Illuminate\\Routing\\Router->runRouteWithinStack()
#34 /home/fansyme/domains/fansyme.com/private_html/vendor/laravel/framework/src/Illuminate/Routing/Router.php(629): Illuminate\\Routing\\Router->runRoute()
#35 /home/fansyme/domains/fansyme.com/private_html/vendor/laravel/framework/src/Illuminate/Routing/Router.php(618): Illuminate\\Routing\\Router->dispatchToRoute()
#36 /home/fansyme/domains/fansyme.com/private_html/vendor/laravel/framework/src/Illuminate/Foundation/Http/Kernel.php(172): Illuminate\\Routing\\Router->dispatch()
#37 /home/fansyme/domains/fansyme.com/private_html/vendor/laravel/framework/src/Illuminate/Pipeline/Pipeline.php(130): Illuminate\\Foundation\\Http\\Kernel->Illuminate\\Foundation\\Http\\{closure}()
#38 /home/fansyme/domains/fansyme.com/private_html/vendor/fideloper/proxy/src/TrustProxies.php(57): Illuminate\\Pipeline\\Pipeline->Illuminate\\Pipeline\\{closure}()
#39 /home/fansyme/domains/fansyme.com/private_html/vendor/laravel/framework/src/Illuminate/Pipeline/Pipeline.php(171): Fideloper\\Proxy\\TrustProxies->handle()
#40 /home/fansyme/domains/fansyme.com/private_html/vendor/laravel/framework/src/Illuminate/Foundation/Http/Middleware/TransformsRequest.php(21): Illuminate\\Pipeline\\Pipeline->Illuminate\\Pipeline\\{closure}()
#41 /home/fansyme/domains/fansyme.com/private_html/vendor/laravel/framework/src/Illuminate/Pipeline/Pipeline.php(171): Illuminate\\Foundation\\Http\\Middleware\\TransformsRequest->handle()
#42 /home/fansyme/domains/fansyme.com/private_html/vendor/laravel/framework/src/Illuminate/Foundation/Http/Middleware/TransformsRequest.php(21): Illuminate\\Pipeline\\Pipeline->Illuminate\\Pipeline\\{closure}()
#43 /home/fansyme/domains/fansyme.com/private_html/vendor/laravel/framework/src/Illuminate/Pipeline/Pipeline.php(171): Illuminate\\Foundation\\Http\\Middleware\\TransformsRequest->handle()
#44 /home/fansyme/domains/fansyme.com/private_html/vendor/laravel/framework/src/Illuminate/Foundation/Http/Middleware/ValidatePostSize.php(27): Illuminate\\Pipeline\\Pipeline->Illuminate\\Pipeline\\{closure}()
#45 /home/fansyme/domains/fansyme.com/private_html/vendor/laravel/framework/src/Illuminate/Pipeline/Pipeline.php(171): Illuminate\\Foundation\\Http\\Middleware\\ValidatePostSize->handle()
#46 /home/fansyme/domains/fansyme.com/private_html/vendor/laravel/framework/src/Illuminate/Foundation/Http/Middleware/CheckForMaintenanceMode.php(63): Illuminate\\Pipeline\\Pipeline->Illuminate\\Pipeline\\{closure}()
#47 /home/fansyme/domains/fansyme.com/private_html/vendor/laravel/framework/src/Illuminate/Pipeline/Pipeline.php(171): Illuminate\\Foundation\\Http\\Middleware\\CheckForMaintenanceMode->handle()
#48 /home/fansyme/domains/fansyme.com/private_html/vendor/laravel/framework/src/Illuminate/Pipeline/Pipeline.php(105): Illuminate\\Pipeline\\Pipeline->Illuminate\\Pipeline\\{closure}()
#49 /home/fansyme/domains/fansyme.com/private_html/vendor/laravel/framework/src/Illuminate/Foundation/Http/Kernel.php(147): Illuminate\\Pipeline\\Pipeline->then()
#50 /home/fansyme/domains/fansyme.com/private_html/vendor/laravel/framework/src/Illuminate/Foundation/Http/Kernel.php(112): Illuminate\\Foundation\\Http\\Kernel->sendRequestThroughRouter()
#51 /home/fansyme/domains/fansyme.com/private_html/index.php(53): Illuminate\\Foundation\\Http\\Kernel->handle()
#52 {main}

[previous exception] [object] (InvalidArgumentException(code: 0): View [livewire.message] not found. at /home/fansyme/domains/fansyme.com/private_html/vendor/laravel/framework/src/Illuminate/View/FileViewFinder.php:137)
[stacktrace]
#0 /home/fansyme/domains/fansyme.com/private_html/vendor/laravel/framework/src/Illuminate/View/FileViewFinder.php(79): Illuminate\\View\\FileViewFinder->findInPaths()
#1 /home/fansyme/domains/fansyme.com/private_html/vendor/laravel/framework/src/Illuminate/View/Factory.php(131): Illuminate\\View\\FileViewFinder->find()
#2 /home/fansyme/domains/fansyme.com/private_html/vendor/laravel/framework/src/Illuminate/Foundation/helpers.php(970): Illuminate\\View\\Factory->make()
#3 /home/fansyme/domains/fansyme.com/private_html/app/Http/Livewire/Message.php(246): view()
#4 /home/fansyme/domains/fansyme.com/private_html/vendor/livewire/livewire/src/Component.php(99): App\\Http\\Livewire\\Message->render()
#5 /home/fansyme/domains/fansyme.com/private_html/vendor/livewire/livewire/src/LivewireManager.php(118): Livewire\\Component->output()
#6 /home/fansyme/domains/fansyme.com/private_html/vendor/laravel/framework/src/Illuminate/Support/Facades/Facade.php(261): Livewire\\LivewireManager->mount()
#7 /home/fansyme/domains/fansyme.com/private_html/storage/framework/views/31fe2daeb94d7fa7c16c55975c16e9403a60a26d.php(10): Illuminate\\Support\\Facades\\Facade::__callStatic()
#8 /home/fansyme/domains/fansyme.com/private_html/vendor/laravel/framework/src/Illuminate/View/Engines/PhpEngine.php(43): include('/home/fansyme/d...')
#9 /home/fansyme/domains/fansyme.com/private_html/vendor/livewire/livewire/src/LivewireViewCompilerEngine.php(36): Illuminate\\View\\Engines\\PhpEngine->evaluatePath()
#10 /home/fansyme/domains/fansyme.com/private_html/vendor/laravel/framework/src/Illuminate/View/Engines/CompilerEngine.php(59): Livewire\\LivewireViewCompilerEngine->evaluatePath()
#11 /home/fansyme/domains/fansyme.com/private_html/vendor/laravel/framework/src/Illuminate/View/View.php(143): Illuminate\\View\\Engines\\CompilerEngine->get()
#12 /home/fansyme/domains/fansyme.com/private_html/vendor/laravel/framework/src/Illuminate/View/View.php(126): Illuminate\\View\\View->getContents()
#13 /home/fansyme/domains/fansyme.com/private_html/vendor/laravel/framework/src/Illuminate/View/View.php(91): Illuminate\\View\\View->renderContents()
#14 /home/fansyme/domains/fansyme.com/private_html/vendor/laravel/framework/src/Illuminate/Http/Response.php(42): Illuminate\\View\\View->render()
#15 /home/fansyme/domains/fansyme.com/private_html/vendor/symfony/http-foundation/Response.php(205): Illuminate\\Http\\Response->setContent()
#16 /home/fansyme/domains/fansyme.com/private_html/vendor/laravel/framework/src/Illuminate/Routing/Router.php(754): Symfony\\Component\\HttpFoundation\\Response->__construct()
#17 /home/fansyme/domains/fansyme.com/private_html/vendor/laravel/framework/src/Illuminate/Routing/Router.php(726): Illuminate\\Routing\\Router::toResponse()
#18 /home/fansyme/domains/fansyme.com/private_html/vendor/laravel/framework/src/Illuminate/Routing/Router.php(686): Illuminate\\Routing\\Router->prepareResponse()
#19 /home/fansyme/domains/fansyme.com/private_html/vendor/laravel/framework/src/Illuminate/Pipeline/Pipeline.php(130): Illuminate\\Routing\\Router->Illuminate\\Routing\\{closure}()
#20 /home/fansyme/domains/fansyme.com/private_html/app/Http/Middleware/UserLastAuthMiddleware.php(59): Illuminate\\Pipeline\\Pipeline->Illuminate\\Pipeline\\{closure}()
#21 /home/fansyme/domains/fansyme.com/private_html/vendor/laravel/framework/src/Illuminate/Pipeline/Pipeline.php(171): App\\Http\\Middleware\\UserLastAuthMiddleware->handle()
#22 /home/fansyme/domains/fansyme.com/private_html/vendor/uxweb/sweet-alert/src/SweetAlert/ConvertMessagesIntoSweetAlert.php(49): Illuminate\\Pipeline\\Pipeline->Illuminate\\Pipeline\\{closure}()
#23 /home/fansyme/domains/fansyme.com/private_html/vendor/laravel/framework/src/Illuminate/Pipeline/Pipeline.php(171): UxWeb\\SweetAlert\\ConvertMessagesIntoSweetAlert->handle()
#24 /home/fansyme/domains/fansyme.com/private_html/vendor/laravel/framework/src/Illuminate/Routing/Middleware/SubstituteBindings.php(41): Illuminate\\Pipeline\\Pipeline->Illuminate\\Pipeline\\{closure}()
#25 /home/fansyme/domains/fansyme.com/private_html/vendor/laravel/framework/src/Illuminate/Pipeline/Pipeline.php(171): Illuminate\\Routing\\Middleware\\SubstituteBindings->handle()
#26 /home/fansyme/domains/fansyme.com/private_html/vendor/laravel/framework/src/Illuminate/Auth/Middleware/Authenticate.php(43): Illuminate\\Pipeline\\Pipeline->Illuminate\\Pipeline\\{closure}()
#27 /home/fansyme/domains/fansyme.com/private_html/vendor/laravel/framework/src/Illuminate/Pipeline/Pipeline.php(171): Illuminate\\Auth\\Middleware\\Authenticate->handle()
#28 /home/fansyme/domains/fansyme.com/private_html/vendor/laravel/framework/src/Illuminate/Foundation/Http/Middleware/VerifyCsrfToken.php(77): Illuminate\\Pipeline\\Pipeline->Illuminate\\Pipeline\\{closure}()
#29 /home/fansyme/domains/fansyme.com/private_html/vendor/laravel/framework/src/Illuminate/Pipeline/Pipeline.php(171): Illuminate\\Foundation\\Http\\Middleware\\VerifyCsrfToken->handle()
#30 /home/fansyme/domains/fansyme.com/private_html/vendor/laravel/framework/src/Illuminate/View/Middleware/ShareErrorsFromSession.php(49): Illuminate\\Pipeline\\Pipeline->Illuminate\\Pipeline\\{closure}()
#31 /home/fansyme/domains/fansyme.com/private_html/vendor/laravel/framework/src/Illuminate/Pipeline/Pipeline.php(171): Illuminate\\View\\Middleware\\ShareErrorsFromSession->handle()
#32 /home/fansyme/domains/fansyme.com/private_html/vendor/laravel/framework/src/Illuminate/Session/Middleware/StartSession.php(56): Illuminate\\Pipeline\\Pipeline->Illuminate\\Pipeline\\{closure}()
#33 /home/fansyme/domains/fansyme.com/private_html/vendor/laravel/framework/src/Illuminate/Pipeline/Pipeline.php(171): Illuminate\\Session\\Middleware\\StartSession->handle()
#34 /home/fansyme/domains/fansyme.com/private_html/vendor/laravel/framework/src/Illuminate/Cookie/Middleware/AddQueuedCookiesToResponse.php(37): Illuminate\\Pipeline\\Pipeline->Illuminate\\Pipeline\\{closure}()
#35 /home/fansyme/domains/fansyme.com/private_html/vendor/laravel/framework/src/Illuminate/Pipeline/Pipeline.php(171): Illuminate\\Cookie\\Middleware\\AddQueuedCookiesToResponse->handle()
#36 /home/fansyme/domains/fansyme.com/private_html/vendor/laravel/framework/src/Illuminate/Cookie/Middleware/EncryptCookies.php(67): Illuminate\\Pipeline\\Pipeline->Illuminate\\Pipeline\\{closure}()
#37 /home/fansyme/domains/fansyme.com/private_html/vendor/laravel/framework/src/Illuminate/Pipeline/Pipeline.php(171): Illuminate\\Cookie\\Middleware\\EncryptCookies->handle()
#38 /home/fansyme/domains/fansyme.com/private_html/vendor/laravel/framework/src/Illuminate/Pipeline/Pipeline.php(105): Illuminate\\Pipeline\\Pipeline->Illuminate\\Pipeline\\{closure}()
#39 /home/fansyme/domains/fansyme.com/private_html/vendor/laravel/framework/src/Illuminate/Routing/Router.php(688): Illuminate\\Pipeline\\Pipeline->then()
#40 /home/fansyme/domains/fansyme.com/private_html/vendor/laravel/framework/src/Illuminate/Routing/Router.php(663): Illuminate\\Routing\\Router->runRouteWithinStack()
#41 /home/fansyme/domains/fansyme.com/private_html/vendor/laravel/framework/src/Illuminate/Routing/Router.php(629): Illuminate\\Routing\\Router->runRoute()
#42 /home/fansyme/domains/fansyme.com/private_html/vendor/laravel/framework/src/Illuminate/Routing/Router.php(618): Illuminate\\Routing\\Router->dispatchToRoute()
#43 /home/fansyme/domains/fansyme.com/private_html/vendor/laravel/framework/src/Illuminate/Foundation/Http/Kernel.php(172): Illuminate\\Routing\\Router->dispatch()
#44 /home/fansyme/domains/fansyme.com/private_html/vendor/laravel/framework/src/Illuminate/Pipeline/Pipeline.php(130): Illuminate\\Foundation\\Http\\Kernel->Illuminate\\Foundation\\Http\\{closure}()
#45 /home/fansyme/domains/fansyme.com/private_html/vendor/fideloper/proxy/src/TrustProxies.php(57): Illuminate\\Pipeline\\Pipeline->Illuminate\\Pipeline\\{closure}()
#46 /home/fansyme/domains/fansyme.com/private_html/vendor/laravel/framework/src/Illuminate/Pipeline/Pipeline.php(171): Fideloper\\Proxy\\TrustProxies->handle()
#47 /home/fansyme/domains/fansyme.com/private_html/vendor/laravel/framework/src/Illuminate/Foundation/Http/Middleware/TransformsRequest.php(21): Illuminate\\Pipeline\\Pipeline->Illuminate\\Pipeline\\{closure}()
#48 /home/fansyme/domains/fansyme.com/private_html/vendor/laravel/framework/src/Illuminate/Pipeline/Pipeline.php(171): Illuminate\\Foundation\\Http\\Middleware\\TransformsRequest->handle()
#49 /home/fansyme/domains/fansyme.com/private_html/vendor/laravel/framework/src/Illuminate/Foundation/Http/Middleware/TransformsRequest.php(21): Illuminate\\Pipeline\\Pipeline->Illuminate\\Pipeline\\{closure}()
#50 /home/fansyme/domains/fansyme.com/private_html/vendor/laravel/framework/src/Illuminate/Pipeline/Pipeline.php(171): Illuminate\\Foundation\\Http\\Middleware\\TransformsRequest->handle()
#51 /home/fansyme/domains/fansyme.com/private_html/vendor/laravel/framework/src/Illuminate/Foundation/Http/Middleware/ValidatePostSize.php(27): Illuminate\\Pipeline\\Pipeline->Illuminate\\Pipeline\\{closure}()
#52 /home/fansyme/domains/fansyme.com/private_html/vendor/laravel/framework/src/Illuminate/Pipeline/Pipeline.php(171): Illuminate\\Foundation\\Http\\Middleware\\ValidatePostSize->handle()
#53 /home/fansyme/domains/fansyme.com/private_html/vendor/laravel/framework/src/Illuminate/Foundation/Http/Middleware/CheckForMaintenanceMode.php(63): Illuminate\\Pipeline\\Pipeline->Illuminate\\Pipeline\\{closure}()
#54 /home/fansyme/domains/fansyme.com/private_html/vendor/laravel/framework/src/Illuminate/Pipeline/Pipeline.php(171): Illuminate\\Foundation\\Http\\Middleware\\CheckForMaintenanceMode->handle()
#55 /home/fansyme/domains/fansyme.com/private_html/vendor/laravel/framework/src/Illuminate/Pipeline/Pipeline.php(105): Illuminate\\Pipeline\\Pipeline->Illuminate\\Pipeline\\{closure}()
#56 /home/fansyme/domains/fansyme.com/private_html/vendor/laravel/framework/src/Illuminate/Foundation/Http/Kernel.php(147): Illuminate\\Pipeline\\Pipeline->then()
#57 /home/fansyme/domains/fansyme.com/private_html/vendor/laravel/framework/src/Illuminate/Foundation/Http/Kernel.php(112): Illuminate\\Foundation\\Http\\Kernel->sendRequestThroughRouter()
#58 /home/fansyme/domains/fansyme.com/private_html/index.php(53): Illuminate\\Foundation\\Http\\Kernel->handle()
#59 {main}
"} 
[2021-08-23 03:05:56] production.ERROR: include(/home/fansyme/domains/fansyme.com/private_html/vendor/composer/../../app/Http/Livewire/Message.php): failed to open stream: No such file or directory (View: /home/fansyme/domains/fansyme.com/private_html/resources/views/messages/inbox.blade.php) {"userId":22,"exception":"[object] (ErrorException(code: 0): include(/home/fansyme/domains/fansyme.com/private_html/vendor/composer/../../app/Http/Livewire/Message.php): failed to open stream: No such file or directory (View: /home/fansyme/domains/fansyme.com/private_html/resources/views/messages/inbox.blade.php) at /home/fansyme/domains/fansyme.com/private_html/vendor/composer/ClassLoader.php:444)
[stacktrace]
#0 /home/fansyme/domains/fansyme.com/private_html/vendor/livewire/livewire/src/CompilerEngine.php(71): Illuminate\\View\\Engines\\CompilerEngine->handleViewException()
#1 /home/fansyme/domains/fansyme.com/private_html/vendor/laravel/framework/src/Illuminate/View/Engines/PhpEngine.php(45): Livewire\\CompilerEngine->handleViewException()
#2 /home/fansyme/domains/fansyme.com/private_html/vendor/livewire/livewire/src/LivewireViewCompilerEngine.php(36): Illuminate\\View\\Engines\\PhpEngine->evaluatePath()
#3 /home/fansyme/domains/fansyme.com/private_html/vendor/laravel/framework/src/Illuminate/View/Engines/CompilerEngine.php(59): Livewire\\LivewireViewCompilerEngine->evaluatePath()
#4 /home/fansyme/domains/fansyme.com/private_html/vendor/laravel/framework/src/Illuminate/View/View.php(143): Illuminate\\View\\Engines\\CompilerEngine->get()
#5 /home/fansyme/domains/fansyme.com/private_html/vendor/laravel/framework/src/Illuminate/View/View.php(126): Illuminate\\View\\View->getContents()
#6 /home/fansyme/domains/fansyme.com/private_html/vendor/laravel/framework/src/Illuminate/View/View.php(91): Illuminate\\View\\View->renderContents()
#7 /home/fansyme/domains/fansyme.com/private_html/vendor/laravel/framework/src/Illuminate/Http/Response.php(42): Illuminate\\View\\View->render()
#8 /home/fansyme/domains/fansyme.com/private_html/vendor/symfony/http-foundation/Response.php(205): Illuminate\\Http\\Response->setContent()
#9 /home/fansyme/domains/fansyme.com/private_html/vendor/laravel/framework/src/Illuminate/Routing/Router.php(754): Symfony\\Component\\HttpFoundation\\Response->__construct()
#10 /home/fansyme/domains/fansyme.com/private_html/vendor/laravel/framework/src/Illuminate/Routing/Router.php(726): Illuminate\\Routing\\Router::toResponse()
#11 /home/fansyme/domains/fansyme.com/private_html/vendor/laravel/framework/src/Illuminate/Routing/Router.php(686): Illuminate\\Routing\\Router->prepareResponse()
#12 /home/fansyme/domains/fansyme.com/private_html/vendor/laravel/framework/src/Illuminate/Pipeline/Pipeline.php(130): Illuminate\\Routing\\Router->Illuminate\\Routing\\{closure}()
#13 /home/fansyme/domains/fansyme.com/private_html/app/Http/Middleware/UserLastAuthMiddleware.php(59): Illuminate\\Pipeline\\Pipeline->Illuminate\\Pipeline\\{closure}()
#14 /home/fansyme/domains/fansyme.com/private_html/vendor/laravel/framework/src/Illuminate/Pipeline/Pipeline.php(171): App\\Http\\Middleware\\UserLastAuthMiddleware->handle()
#15 /home/fansyme/domains/fansyme.com/private_html/vendor/uxweb/sweet-alert/src/SweetAlert/ConvertMessagesIntoSweetAlert.php(49): Illuminate\\Pipeline\\Pipeline->Illuminate\\Pipeline\\{closure}()
#16 /home/fansyme/domains/fansyme.com/private_html/vendor/laravel/framework/src/Illuminate/Pipeline/Pipeline.php(171): UxWeb\\SweetAlert\\ConvertMessagesIntoSweetAlert->handle()
#17 /home/fansyme/domains/fansyme.com/private_html/vendor/laravel/framework/src/Illuminate/Routing/Middleware/SubstituteBindings.php(41): Illuminate\\Pipeline\\Pipeline->Illuminate\\Pipeline\\{closure}()
#18 /home/fansyme/domains/fansyme.com/private_html/vendor/laravel/framework/src/Illuminate/Pipeline/Pipeline.php(171): Illuminate\\Routing\\Middleware\\SubstituteBindings->handle()
#19 /home/fansyme/domains/fansyme.com/private_html/vendor/laravel/framework/src/Illuminate/Auth/Middleware/Authenticate.php(43): Illuminate\\Pipeline\\Pipeline->Illuminate\\Pipeline\\{closure}()
#20 /home/fansyme/domains/fansyme.com/private_html/vendor/laravel/framework/src/Illuminate/Pipeline/Pipeline.php(171): Illuminate\\Auth\\Middleware\\Authenticate->handle()
#21 /home/fansyme/domains/fansyme.com/private_html/vendor/laravel/framework/src/Illuminate/Foundation/Http/Middleware/VerifyCsrfToken.php(77): Illuminate\\Pipeline\\Pipeline->Illuminate\\Pipeline\\{closure}()
#22 /home/fansyme/domains/fansyme.com/private_html/vendor/laravel/framework/src/Illuminate/Pipeline/Pipeline.php(171): Illuminate\\Foundation\\Http\\Middleware\\VerifyCsrfToken->handle()
#23 /home/fansyme/domains/fansyme.com/private_html/vendor/laravel/framework/src/Illuminate/View/Middleware/ShareErrorsFromSession.php(49): Illuminate\\Pipeline\\Pipeline->Illuminate\\Pipeline\\{closure}()
#24 /home/fansyme/domains/fansyme.com/private_html/vendor/laravel/framework/src/Illuminate/Pipeline/Pipeline.php(171): Illuminate\\View\\Middleware\\ShareErrorsFromSession->handle()
#25 /home/fansyme/domains/fansyme.com/private_html/vendor/laravel/framework/src/Illuminate/Session/Middleware/StartSession.php(56): Illuminate\\Pipeline\\Pipeline->Illuminate\\Pipeline\\{closure}()
#26 /home/fansyme/domains/fansyme.com/private_html/vendor/laravel/framework/src/Illuminate/Pipeline/Pipeline.php(171): Illuminate\\Session\\Middleware\\StartSession->handle()
#27 /home/fansyme/domains/fansyme.com/private_html/vendor/laravel/framework/src/Illuminate/Cookie/Middleware/AddQueuedCookiesToResponse.php(37): Illuminate\\Pipeline\\Pipeline->Illuminate\\Pipeline\\{closure}()
#28 /home/fansyme/domains/fansyme.com/private_html/vendor/laravel/framework/src/Illuminate/Pipeline/Pipeline.php(171): Illuminate\\Cookie\\Middleware\\AddQueuedCookiesToResponse->handle()
#29 /home/fansyme/domains/fansyme.com/private_html/vendor/laravel/framework/src/Illuminate/Cookie/Middleware/EncryptCookies.php(67): Illuminate\\Pipeline\\Pipeline->Illuminate\\Pipeline\\{closure}()
#30 /home/fansyme/domains/fansyme.com/private_html/vendor/laravel/framework/src/Illuminate/Pipeline/Pipeline.php(171): Illuminate\\Cookie\\Middleware\\EncryptCookies->handle()
#31 /home/fansyme/domains/fansyme.com/private_html/vendor/laravel/framework/src/Illuminate/Pipeline/Pipeline.php(105): Illuminate\\Pipeline\\Pipeline->Illuminate\\Pipeline\\{closure}()
#32 /home/fansyme/domains/fansyme.com/private_html/vendor/laravel/framework/src/Illuminate/Routing/Router.php(688): Illuminate\\Pipeline\\Pipeline->then()
#33 /home/fansyme/domains/fansyme.com/private_html/vendor/laravel/framework/src/Illuminate/Routing/Router.php(663): Illuminate\\Routing\\Router->runRouteWithinStack()
#34 /home/fansyme/domains/fansyme.com/private_html/vendor/laravel/framework/src/Illuminate/Routing/Router.php(629): Illuminate\\Routing\\Router->runRoute()
#35 /home/fansyme/domains/fansyme.com/private_html/vendor/laravel/framework/src/Illuminate/Routing/Router.php(618): Illuminate\\Routing\\Router->dispatchToRoute()
#36 /home/fansyme/domains/fansyme.com/private_html/vendor/laravel/framework/src/Illuminate/Foundation/Http/Kernel.php(172): Illuminate\\Routing\\Router->dispatch()
#37 /home/fansyme/domains/fansyme.com/private_html/vendor/laravel/framework/src/Illuminate/Pipeline/Pipeline.php(130): Illuminate\\Foundation\\Http\\Kernel->Illuminate\\Foundation\\Http\\{closure}()
#38 /home/fansyme/domains/fansyme.com/private_html/vendor/fideloper/proxy/src/TrustProxies.php(57): Illuminate\\Pipeline\\Pipeline->Illuminate\\Pipeline\\{closure}()
#39 /home/fansyme/domains/fansyme.com/private_html/vendor/laravel/framework/src/Illuminate/Pipeline/Pipeline.php(171): Fideloper\\Proxy\\TrustProxies->handle()
#40 /home/fansyme/domains/fansyme.com/private_html/vendor/laravel/framework/src/Illuminate/Foundation/Http/Middleware/TransformsRequest.php(21): Illuminate\\Pipeline\\Pipeline->Illuminate\\Pipeline\\{closure}()
#41 /home/fansyme/domains/fansyme.com/private_html/vendor/laravel/framework/src/Illuminate/Pipeline/Pipeline.php(171): Illuminate\\Foundation\\Http\\Middleware\\TransformsRequest->handle()
#42 /home/fansyme/domains/fansyme.com/private_html/vendor/laravel/framework/src/Illuminate/Foundation/Http/Middleware/TransformsRequest.php(21): Illuminate\\Pipeline\\Pipeline->Illuminate\\Pipeline\\{closure}()
#43 /home/fansyme/domains/fansyme.com/private_html/vendor/laravel/framework/src/Illuminate/Pipeline/Pipeline.php(171): Illuminate\\Foundation\\Http\\Middleware\\TransformsRequest->handle()
#44 /home/fansyme/domains/fansyme.com/private_html/vendor/laravel/framework/src/Illuminate/Foundation/Http/Middleware/ValidatePostSize.php(27): Illuminate\\Pipeline\\Pipeline->Illuminate\\Pipeline\\{closure}()
#45 /home/fansyme/domains/fansyme.com/private_html/vendor/laravel/framework/src/Illuminate/Pipeline/Pipeline.php(171): Illuminate\\Foundation\\Http\\Middleware\\ValidatePostSize->handle()
#46 /home/fansyme/domains/fansyme.com/private_html/vendor/laravel/framework/src/Illuminate/Foundation/Http/Middleware/CheckForMaintenanceMode.php(63): Illuminate\\Pipeline\\Pipeline->Illuminate\\Pipeline\\{closure}()
#47 /home/fansyme/domains/fansyme.com/private_html/vendor/laravel/framework/src/Illuminate/Pipeline/Pipeline.php(171): Illuminate\\Foundation\\Http\\Middleware\\CheckForMaintenanceMode->handle()
#48 /home/fansyme/domains/fansyme.com/private_html/vendor/laravel/framework/src/Illuminate/Pipeline/Pipeline.php(105): Illuminate\\Pipeline\\Pipeline->Illuminate\\Pipeline\\{closure}()
#49 /home/fansyme/domains/fansyme.com/private_html/vendor/laravel/framework/src/Illuminate/Foundation/Http/Kernel.php(147): Illuminate\\Pipeline\\Pipeline->then()
#50 /home/fansyme/domains/fansyme.com/private_html/vendor/laravel/framework/src/Illuminate/Foundation/Http/Kernel.php(112): Illuminate\\Foundation\\Http\\Kernel->sendRequestThroughRouter()
#51 /home/fansyme/domains/fansyme.com/private_html/index.php(53): Illuminate\\Foundation\\Http\\Kernel->handle()
#52 {main}

[previous exception] [object] (ErrorException(code: 0): include(/home/fansyme/domains/fansyme.com/private_html/vendor/composer/../../app/Http/Livewire/Message.php): failed to open stream: No such file or directory at /home/fansyme/domains/fansyme.com/private_html/vendor/composer/ClassLoader.php:444)
[stacktrace]
#0 /home/fansyme/domains/fansyme.com/private_html/vendor/composer/ClassLoader.php(444): Illuminate\\Foundation\\Bootstrap\\HandleExceptions->handleError()
#1 /home/fansyme/domains/fansyme.com/private_html/vendor/composer/ClassLoader.php(444): include()
#2 /home/fansyme/domains/fansyme.com/private_html/vendor/composer/ClassLoader.php(322): Composer\\Autoload\\includeFile()
#3 [internal function]: Composer\\Autoload\\ClassLoader->loadClass()
#4 [internal function]: spl_autoload_call()
#5 /home/fansyme/domains/fansyme.com/private_html/vendor/livewire/livewire/src/LivewireManager.php(78): class_exists()
#6 /home/fansyme/domains/fansyme.com/private_html/vendor/livewire/livewire/src/LivewireManager.php(99): Livewire\\LivewireManager->activate()
#7 /home/fansyme/domains/fansyme.com/private_html/vendor/laravel/framework/src/Illuminate/Support/Facades/Facade.php(261): Livewire\\LivewireManager->mount()
#8 /home/fansyme/domains/fansyme.com/private_html/storage/framework/views/31fe2daeb94d7fa7c16c55975c16e9403a60a26d.php(10): Illuminate\\Support\\Facades\\Facade::__callStatic()
#9 /home/fansyme/domains/fansyme.com/private_html/vendor/laravel/framework/src/Illuminate/View/Engines/PhpEngine.php(43): include('/home/fansyme/d...')
#10 /home/fansyme/domains/fansyme.com/private_html/vendor/livewire/livewire/src/LivewireViewCompilerEngine.php(36): Illuminate\\View\\Engines\\PhpEngine->evaluatePath()
#11 /home/fansyme/domains/fansyme.com/private_html/vendor/laravel/framework/src/Illuminate/View/Engines/CompilerEngine.php(59): Livewire\\LivewireViewCompilerEngine->evaluatePath()
#12 /home/fansyme/domains/fansyme.com/private_html/vendor/laravel/framework/src/Illuminate/View/View.php(143): Illuminate\\View\\Engines\\CompilerEngine->get()
#13 /home/fansyme/domains/fansyme.com/private_html/vendor/laravel/framework/src/Illuminate/View/View.php(126): Illuminate\\View\\View->getContents()
#14 /home/fansyme/domains/fansyme.com/private_html/vendor/laravel/framework/src/Illuminate/View/View.php(91): Illuminate\\View\\View->renderContents()
#15 /home/fansyme/domains/fansyme.com/private_html/vendor/laravel/framework/src/Illuminate/Http/Response.php(42): Illuminate\\View\\View->render()
#16 /home/fansyme/domains/fansyme.com/private_html/vendor/symfony/http-foundation/Response.php(205): Illuminate\\Http\\Response->setContent()
#17 /home/fansyme/domains/fansyme.com/private_html/vendor/laravel/framework/src/Illuminate/Routing/Router.php(754): Symfony\\Component\\HttpFoundation\\Response->__construct()
#18 /home/fansyme/domains/fansyme.com/private_html/vendor/laravel/framework/src/Illuminate/Routing/Router.php(726): Illuminate\\Routing\\Router::toResponse()
#19 /home/fansyme/domains/fansyme.com/private_html/vendor/laravel/framework/src/Illuminate/Routing/Router.php(686): Illuminate\\Routing\\Router->prepareResponse()
#20 /home/fansyme/domains/fansyme.com/private_html/vendor/laravel/framework/src/Illuminate/Pipeline/Pipeline.php(130): Illuminate\\Routing\\Router->Illuminate\\Routing\\{closure}()
#21 /home/fansyme/domains/fansyme.com/private_html/app/Http/Middleware/UserLastAuthMiddleware.php(59): Illuminate\\Pipeline\\Pipeline->Illuminate\\Pipeline\\{closure}()
#22 /home/fansyme/domains/fansyme.com/private_html/vendor/laravel/framework/src/Illuminate/Pipeline/Pipeline.php(171): App\\Http\\Middleware\\UserLastAuthMiddleware->handle()
#23 /home/fansyme/domains/fansyme.com/private_html/vendor/uxweb/sweet-alert/src/SweetAlert/ConvertMessagesIntoSweetAlert.php(49): Illuminate\\Pipeline\\Pipeline->Illuminate\\Pipeline\\{closure}()
#24 /home/fansyme/domains/fansyme.com/private_html/vendor/laravel/framework/src/Illuminate/Pipeline/Pipeline.php(171): UxWeb\\SweetAlert\\ConvertMessagesIntoSweetAlert->handle()
#25 /home/fansyme/domains/fansyme.com/private_html/vendor/laravel/framework/src/Illuminate/Routing/Middleware/SubstituteBindings.php(41): Illuminate\\Pipeline\\Pipeline->Illuminate\\Pipeline\\{closure}()
#26 /home/fansyme/domains/fansyme.com/private_html/vendor/laravel/framework/src/Illuminate/Pipeline/Pipeline.php(171): Illuminate\\Routing\\Middleware\\SubstituteBindings->handle()
#27 /home/fansyme/domains/fansyme.com/private_html/vendor/laravel/framework/src/Illuminate/Auth/Middleware/Authenticate.php(43): Illuminate\\Pipeline\\Pipeline->Illuminate\\Pipeline\\{closure}()
#28 /home/fansyme/domains/fansyme.com/private_html/vendor/laravel/framework/src/Illuminate/Pipeline/Pipeline.php(171): Illuminate\\Auth\\Middleware\\Authenticate->handle()
#29 /home/fansyme/domains/fansyme.com/private_html/vendor/laravel/framework/src/Illuminate/Foundation/Http/Middleware/VerifyCsrfToken.php(77): Illuminate\\Pipeline\\Pipeline->Illuminate\\Pipeline\\{closure}()
#30 /home/fansyme/domains/fansyme.com/private_html/vendor/laravel/framework/src/Illuminate/Pipeline/Pipeline.php(171): Illuminate\\Foundation\\Http\\Middleware\\VerifyCsrfToken->handle()
#31 /home/fansyme/domains/fansyme.com/private_html/vendor/laravel/framework/src/Illuminate/View/Middleware/ShareErrorsFromSession.php(49): Illuminate\\Pipeline\\Pipeline->Illuminate\\Pipeline\\{closure}()
#32 /home/fansyme/domains/fansyme.com/private_html/vendor/laravel/framework/src/Illuminate/Pipeline/Pipeline.php(171): Illuminate\\View\\Middleware\\ShareErrorsFromSession->handle()
#33 /home/fansyme/domains/fansyme.com/private_html/vendor/laravel/framework/src/Illuminate/Session/Middleware/StartSession.php(56): Illuminate\\Pipeline\\Pipeline->Illuminate\\Pipeline\\{closure}()
#34 /home/fansyme/domains/fansyme.com/private_html/vendor/laravel/framework/src/Illuminate/Pipeline/Pipeline.php(171): Illuminate\\Session\\Middleware\\StartSession->handle()
#35 /home/fansyme/domains/fansyme.com/private_html/vendor/laravel/framework/src/Illuminate/Cookie/Middleware/AddQueuedCookiesToResponse.php(37): Illuminate\\Pipeline\\Pipeline->Illuminate\\Pipeline\\{closure}()
#36 /home/fansyme/domains/fansyme.com/private_html/vendor/laravel/framework/src/Illuminate/Pipeline/Pipeline.php(171): Illuminate\\Cookie\\Middleware\\AddQueuedCookiesToResponse->handle()
#37 /home/fansyme/domains/fansyme.com/private_html/vendor/laravel/framework/src/Illuminate/Cookie/Middleware/EncryptCookies.php(67): Illuminate\\Pipeline\\Pipeline->Illuminate\\Pipeline\\{closure}()
#38 /home/fansyme/domains/fansyme.com/private_html/vendor/laravel/framework/src/Illuminate/Pipeline/Pipeline.php(171): Illuminate\\Cookie\\Middleware\\EncryptCookies->handle()
#39 /home/fansyme/domains/fansyme.com/private_html/vendor/laravel/framework/src/Illuminate/Pipeline/Pipeline.php(105): Illuminate\\Pipeline\\Pipeline->Illuminate\\Pipeline\\{closure}()
#40 /home/fansyme/domains/fansyme.com/private_html/vendor/laravel/framework/src/Illuminate/Routing/Router.php(688): Illuminate\\Pipeline\\Pipeline->then()
#41 /home/fansyme/domains/fansyme.com/private_html/vendor/laravel/framework/src/Illuminate/Routing/Router.php(663): Illuminate\\Routing\\Router->runRouteWithinStack()
#42 /home/fansyme/domains/fansyme.com/private_html/vendor/laravel/framework/src/Illuminate/Routing/Router.php(629): Illuminate\\Routing\\Router->runRoute()
#43 /home/fansyme/domains/fansyme.com/private_html/vendor/laravel/framework/src/Illuminate/Routing/Router.php(618): Illuminate\\Routing\\Router->dispatchToRoute()
#44 /home/fansyme/domains/fansyme.com/private_html/vendor/laravel/framework/src/Illuminate/Foundation/Http/Kernel.php(172): Illuminate\\Routing\\Router->dispatch()
#45 /home/fansyme/domains/fansyme.com/private_html/vendor/laravel/framework/src/Illuminate/Pipeline/Pipeline.php(130): Illuminate\\Foundation\\Http\\Kernel->Illuminate\\Foundation\\Http\\{closure}()
#46 /home/fansyme/domains/fansyme.com/private_html/vendor/fideloper/proxy/src/TrustProxies.php(57): Illuminate\\Pipeline\\Pipeline->Illuminate\\Pipeline\\{closure}()
#47 /home/fansyme/domains/fansyme.com/private_html/vendor/laravel/framework/src/Illuminate/Pipeline/Pipeline.php(171): Fideloper\\Proxy\\TrustProxies->handle()
#48 /home/fansyme/domains/fansyme.com/private_html/vendor/laravel/framework/src/Illuminate/Foundation/Http/Middleware/TransformsRequest.php(21): Illuminate\\Pipeline\\Pipeline->Illuminate\\Pipeline\\{closure}()
#49 /home/fansyme/domains/fansyme.com/private_html/vendor/laravel/framework/src/Illuminate/Pipeline/Pipeline.php(171): Illuminate\\Foundation\\Http\\Middleware\\TransformsRequest->handle()
#50 /home/fansyme/domains/fansyme.com/private_html/vendor/laravel/framework/src/Illuminate/Foundation/Http/Middleware/TransformsRequest.php(21): Illuminate\\Pipeline\\Pipeline->Illuminate\\Pipeline\\{closure}()
#51 /home/fansyme/domains/fansyme.com/private_html/vendor/laravel/framework/src/Illuminate/Pipeline/Pipeline.php(171): Illuminate\\Foundation\\Http\\Middleware\\TransformsRequest->handle()
#52 /home/fansyme/domains/fansyme.com/private_html/vendor/laravel/framework/src/Illuminate/Foundation/Http/Middleware/ValidatePostSize.php(27): Illuminate\\Pipeline\\Pipeline->Illuminate\\Pipeline\\{closure}()
#53 /home/fansyme/domains/fansyme.com/private_html/vendor/laravel/framework/src/Illuminate/Pipeline/Pipeline.php(171): Illuminate\\Foundation\\Http\\Middleware\\ValidatePostSize->handle()
#54 /home/fansyme/domains/fansyme.com/private_html/vendor/laravel/framework/src/Illuminate/Foundation/Http/Middleware/CheckForMaintenanceMode.php(63): Illuminate\\Pipeline\\Pipeline->Illuminate\\Pipeline\\{closure}()
#55 /home/fansyme/domains/fansyme.com/private_html/vendor/laravel/framework/src/Illuminate/Pipeline/Pipeline.php(171): Illuminate\\Foundation\\Http\\Middleware\\CheckForMaintenanceMode->handle()
#56 /home/fansyme/domains/fansyme.com/private_html/vendor/laravel/framework/src/Illuminate/Pipeline/Pipeline.php(105): Illuminate\\Pipeline\\Pipeline->Illuminate\\Pipeline\\{closure}()
#57 /home/fansyme/domains/fansyme.com/private_html/vendor/laravel/framework/src/Illuminate/Foundation/Http/Kernel.php(147): Illuminate\\Pipeline\\Pipeline->then()
#58 /home/fansyme/domains/fansyme.com/private_html/vendor/laravel/framework/src/Illuminate/Foundation/Http/Kernel.php(112): Illuminate\\Foundation\\Http\\Kernel->sendRequestThroughRouter()
#59 /home/fansyme/domains/fansyme.com/private_html/index.php(53): Illuminate\\Foundation\\Http\\Kernel->handle()
#60 {main}
"} 
[2021-08-23 03:09:13] production.ERROR: Cannot modify header information - headers already sent by (output started at /home/fansyme/domains/fansyme.com/private_html/vendor/league/glide/src/Server.php:477) {"userId":22,"exception":"[object] (ErrorException(code: 0): Cannot modify header information - headers already sent by (output started at /home/fansyme/domains/fansyme.com/private_html/vendor/league/glide/src/Server.php:477) at /home/fansyme/domains/fansyme.com/private_html/app/Http/Controllers/ImageController.php:56)
[stacktrace]
#0 [internal function]: Illuminate\\Foundation\\Bootstrap\\HandleExceptions->handleError()
#1 /home/fansyme/domains/fansyme.com/private_html/app/Http/Controllers/ImageController.php(56): header()
#2 /home/fansyme/domains/fansyme.com/private_html/vendor/laravel/framework/src/Illuminate/Routing/Controller.php(54): App\\Http\\Controllers\\ImageController->picture()
#3 /home/fansyme/domains/fansyme.com/private_html/vendor/laravel/framework/src/Illuminate/Routing/ControllerDispatcher.php(45): Illuminate\\Routing\\Controller->callAction()
#4 /home/fansyme/domains/fansyme.com/private_html/vendor/laravel/framework/src/Illuminate/Routing/Route.php(219): Illuminate\\Routing\\ControllerDispatcher->dispatch()
#5 /home/fansyme/domains/fansyme.com/private_html/vendor/laravel/framework/src/Illuminate/Routing/Route.php(176): Illuminate\\Routing\\Route->runController()
#6 /home/fansyme/domains/fansyme.com/private_html/vendor/laravel/framework/src/Illuminate/Routing/Router.php(686): Illuminate\\Routing\\Route->run()
#7 /home/fansyme/domains/fansyme.com/private_html/vendor/laravel/framework/src/Illuminate/Pipeline/Pipeline.php(130): Illuminate\\Routing\\Router->Illuminate\\Routing\\{closure}()
#8 /home/fansyme/domains/fansyme.com/private_html/app/Http/Middleware/UserLastAuthMiddleware.php(59): Illuminate\\Pipeline\\Pipeline->Illuminate\\Pipeline\\{closure}()
#9 /home/fansyme/domains/fansyme.com/private_html/vendor/laravel/framework/src/Illuminate/Pipeline/Pipeline.php(171): App\\Http\\Middleware\\UserLastAuthMiddleware->handle()
#10 /home/fansyme/domains/fansyme.com/private_html/vendor/uxweb/sweet-alert/src/SweetAlert/ConvertMessagesIntoSweetAlert.php(49): Illuminate\\Pipeline\\Pipeline->Illuminate\\Pipeline\\{closure}()
#11 /home/fansyme/domains/fansyme.com/private_html/vendor/laravel/framework/src/Illuminate/Pipeline/Pipeline.php(171): UxWeb\\SweetAlert\\ConvertMessagesIntoSweetAlert->handle()
#12 /home/fansyme/domains/fansyme.com/private_html/vendor/laravel/framework/src/Illuminate/Routing/Middleware/SubstituteBindings.php(41): Illuminate\\Pipeline\\Pipeline->Illuminate\\Pipeline\\{closure}()
#13 /home/fansyme/domains/fansyme.com/private_html/vendor/laravel/framework/src/Illuminate/Pipeline/Pipeline.php(171): Illuminate\\Routing\\Middleware\\SubstituteBindings->handle()
#14 /home/fansyme/domains/fansyme.com/private_html/vendor/laravel/framework/src/Illuminate/Foundation/Http/Middleware/VerifyCsrfToken.php(77): Illuminate\\Pipeline\\Pipeline->Illuminate\\Pipeline\\{closure}()
#15 /home/fansyme/domains/fansyme.com/private_html/vendor/laravel/framework/src/Illuminate/Pipeline/Pipeline.php(171): Illuminate\\Foundation\\Http\\Middleware\\VerifyCsrfToken->handle()
#16 /home/fansyme/domains/fansyme.com/private_html/vendor/laravel/framework/src/Illuminate/View/Middleware/ShareErrorsFromSession.php(49): Illuminate\\Pipeline\\Pipeline->Illuminate\\Pipeline\\{closure}()
#17 /home/fansyme/domains/fansyme.com/private_html/vendor/laravel/framework/src/Illuminate/Pipeline/Pipeline.php(171): Illuminate\\View\\Middleware\\ShareErrorsFromSession->handle()
#18 /home/fansyme/domains/fansyme.com/private_html/vendor/laravel/framework/src/Illuminate/Session/Middleware/StartSession.php(56): Illuminate\\Pipeline\\Pipeline->Illuminate\\Pipeline\\{closure}()
#19 /home/fansyme/domains/fansyme.com/private_html/vendor/laravel/framework/src/Illuminate/Pipeline/Pipeline.php(171): Illuminate\\Session\\Middleware\\StartSession->handle()
#20 /home/fansyme/domains/fansyme.com/private_html/vendor/laravel/framework/src/Illuminate/Cookie/Middleware/AddQueuedCookiesToResponse.php(37): Illuminate\\Pipeline\\Pipeline->Illuminate\\Pipeline\\{closure}()
#21 /home/fansyme/domains/fansyme.com/private_html/vendor/laravel/framework/src/Illuminate/Pipeline/Pipeline.php(171): Illuminate\\Cookie\\Middleware\\AddQueuedCookiesToResponse->handle()
#22 /home/fansyme/domains/fansyme.com/private_html/vendor/laravel/framework/src/Illuminate/Cookie/Middleware/EncryptCookies.php(67): Illuminate\\Pipeline\\Pipeline->Illuminate\\Pipeline\\{closure}()
#23 /home/fansyme/domains/fansyme.com/private_html/vendor/laravel/framework/src/Illuminate/Pipeline/Pipeline.php(171): Illuminate\\Cookie\\Middleware\\EncryptCookies->handle()
#24 /home/fansyme/domains/fansyme.com/private_html/vendor/laravel/framework/src/Illuminate/Pipeline/Pipeline.php(105): Illuminate\\Pipeline\\Pipeline->Illuminate\\Pipeline\\{closure}()
#25 /home/fansyme/domains/fansyme.com/private_html/vendor/laravel/framework/src/Illuminate/Routing/Router.php(688): Illuminate\\Pipeline\\Pipeline->then()
#26 /home/fansyme/domains/fansyme.com/private_html/vendor/laravel/framework/src/Illuminate/Routing/Router.php(663): Illuminate\\Routing\\Router->runRouteWithinStack()
#27 /home/fansyme/domains/fansyme.com/private_html/vendor/laravel/framework/src/Illuminate/Routing/Router.php(629): Illuminate\\Routing\\Router->runRoute()
#28 /home/fansyme/domains/fansyme.com/private_html/vendor/laravel/framework/src/Illuminate/Routing/Router.php(618): Illuminate\\Routing\\Router->dispatchToRoute()
#29 /home/fansyme/domains/fansyme.com/private_html/vendor/laravel/framework/src/Illuminate/Foundation/Http/Kernel.php(172): Illuminate\\Routing\\Router->dispatch()
#30 /home/fansyme/domains/fansyme.com/private_html/vendor/laravel/framework/src/Illuminate/Pipeline/Pipeline.php(130): Illuminate\\Foundation\\Http\\Kernel->Illuminate\\Foundation\\Http\\{closure}()
#31 /home/fansyme/domains/fansyme.com/private_html/vendor/fideloper/proxy/src/TrustProxies.php(57): Illuminate\\Pipeline\\Pipeline->Illuminate\\Pipeline\\{closure}()
#32 /home/fansyme/domains/fansyme.com/private_html/vendor/laravel/framework/src/Illuminate/Pipeline/Pipeline.php(171): Fideloper\\Proxy\\TrustProxies->handle()
#33 /home/fansyme/domains/fansyme.com/private_html/vendor/laravel/framework/src/Illuminate/Foundation/Http/Middleware/TransformsRequest.php(21): Illuminate\\Pipeline\\Pipeline->Illuminate\\Pipeline\\{closure}()
#34 /home/fansyme/domains/fansyme.com/private_html/vendor/laravel/framework/src/Illuminate/Pipeline/Pipeline.php(171): Illuminate\\Foundation\\Http\\Middleware\\TransformsRequest->handle()
#35 /home/fansyme/domains/fansyme.com/private_html/vendor/laravel/framework/src/Illuminate/Foundation/Http/Middleware/TransformsRequest.php(21): Illuminate\\Pipeline\\Pipeline->Illuminate\\Pipeline\\{closure}()
#36 /home/fansyme/domains/fansyme.com/private_html/vendor/laravel/framework/src/Illuminate/Pipeline/Pipeline.php(171): Illuminate\\Foundation\\Http\\Middleware\\TransformsRequest->handle()
#37 /home/fansyme/domains/fansyme.com/private_html/vendor/laravel/framework/src/Illuminate/Foundation/Http/Middleware/ValidatePostSize.php(27): Illuminate\\Pipeline\\Pipeline->Illuminate\\Pipeline\\{closure}()
#38 /home/fansyme/domains/fansyme.com/private_html/vendor/laravel/framework/src/Illuminate/Pipeline/Pipeline.php(171): Illuminate\\Foundation\\Http\\Middleware\\ValidatePostSize->handle()
#39 /home/fansyme/domains/fansyme.com/private_html/vendor/laravel/framework/src/Illuminate/Foundation/Http/Middleware/CheckForMaintenanceMode.php(63): Illuminate\\Pipeline\\Pipeline->Illuminate\\Pipeline\\{closure}()
#40 /home/fansyme/domains/fansyme.com/private_html/vendor/laravel/framework/src/Illuminate/Pipeline/Pipeline.php(171): Illuminate\\Foundation\\Http\\Middleware\\CheckForMaintenanceMode->handle()
#41 /home/fansyme/domains/fansyme.com/private_html/vendor/laravel/framework/src/Illuminate/Pipeline/Pipeline.php(105): Illuminate\\Pipeline\\Pipeline->Illuminate\\Pipeline\\{closure}()
#42 /home/fansyme/domains/fansyme.com/private_html/vendor/laravel/framework/src/Illuminate/Foundation/Http/Kernel.php(147): Illuminate\\Pipeline\\Pipeline->then()
#43 /home/fansyme/domains/fansyme.com/private_html/vendor/laravel/framework/src/Illuminate/Foundation/Http/Kernel.php(112): Illuminate\\Foundation\\Http\\Kernel->sendRequestThroughRouter()
#44 /home/fansyme/domains/fansyme.com/private_html/index.php(53): Illuminate\\Foundation\\Http\\Kernel->handle()
#45 {main}
"} 
[2021-08-23 03:29:07] production.ERROR: Cannot modify header information - headers already sent by (output started at /home/fansyme/domains/fansyme.com/private_html/vendor/league/glide/src/Server.php:477) {"userId":22,"exception":"[object] (ErrorException(code: 0): Cannot modify header information - headers already sent by (output started at /home/fansyme/domains/fansyme.com/private_html/vendor/league/glide/src/Server.php:477) at /home/fansyme/domains/fansyme.com/private_html/app/Http/Controllers/ImageController.php:56)
[stacktrace]
#0 [internal function]: Illuminate\\Foundation\\Bootstrap\\HandleExceptions->handleError()
#1 /home/fansyme/domains/fansyme.com/private_html/app/Http/Controllers/ImageController.php(56): header()
#2 /home/fansyme/domains/fansyme.com/private_html/vendor/laravel/framework/src/Illuminate/Routing/Controller.php(54): App\\Http\\Controllers\\ImageController->picture()
#3 /home/fansyme/domains/fansyme.com/private_html/vendor/laravel/framework/src/Illuminate/Routing/ControllerDispatcher.php(45): Illuminate\\Routing\\Controller->callAction()
#4 /home/fansyme/domains/fansyme.com/private_html/vendor/laravel/framework/src/Illuminate/Routing/Route.php(219): Illuminate\\Routing\\ControllerDispatcher->dispatch()
#5 /home/fansyme/domains/fansyme.com/private_html/vendor/laravel/framework/src/Illuminate/Routing/Route.php(176): Illuminate\\Routing\\Route->runController()
#6 /home/fansyme/domains/fansyme.com/private_html/vendor/laravel/framework/src/Illuminate/Routing/Router.php(686): Illuminate\\Routing\\Route->run()
#7 /home/fansyme/domains/fansyme.com/private_html/vendor/laravel/framework/src/Illuminate/Pipeline/Pipeline.php(130): Illuminate\\Routing\\Router->Illuminate\\Routing\\{closure}()
#8 /home/fansyme/domains/fansyme.com/private_html/app/Http/Middleware/UserLastAuthMiddleware.php(59): Illuminate\\Pipeline\\Pipeline->Illuminate\\Pipeline\\{closure}()
#9 /home/fansyme/domains/fansyme.com/private_html/vendor/laravel/framework/src/Illuminate/Pipeline/Pipeline.php(171): App\\Http\\Middleware\\UserLastAuthMiddleware->handle()
#10 /home/fansyme/domains/fansyme.com/private_html/vendor/uxweb/sweet-alert/src/SweetAlert/ConvertMessagesIntoSweetAlert.php(49): Illuminate\\Pipeline\\Pipeline->Illuminate\\Pipeline\\{closure}()
#11 /home/fansyme/domains/fansyme.com/private_html/vendor/laravel/framework/src/Illuminate/Pipeline/Pipeline.php(171): UxWeb\\SweetAlert\\ConvertMessagesIntoSweetAlert->handle()
#12 /home/fansyme/domains/fansyme.com/private_html/vendor/laravel/framework/src/Illuminate/Routing/Middleware/SubstituteBindings.php(41): Illuminate\\Pipeline\\Pipeline->Illuminate\\Pipeline\\{closure}()
#13 /home/fansyme/domains/fansyme.com/private_html/vendor/laravel/framework/src/Illuminate/Pipeline/Pipeline.php(171): Illuminate\\Routing\\Middleware\\SubstituteBindings->handle()
#14 /home/fansyme/domains/fansyme.com/private_html/vendor/laravel/framework/src/Illuminate/Foundation/Http/Middleware/VerifyCsrfToken.php(77): Illuminate\\Pipeline\\Pipeline->Illuminate\\Pipeline\\{closure}()
#15 /home/fansyme/domains/fansyme.com/private_html/vendor/laravel/framework/src/Illuminate/Pipeline/Pipeline.php(171): Illuminate\\Foundation\\Http\\Middleware\\VerifyCsrfToken->handle()
#16 /home/fansyme/domains/fansyme.com/private_html/vendor/laravel/framework/src/Illuminate/View/Middleware/ShareErrorsFromSession.php(49): Illuminate\\Pipeline\\Pipeline->Illuminate\\Pipeline\\{closure}()
#17 /home/fansyme/domains/fansyme.com/private_html/vendor/laravel/framework/src/Illuminate/Pipeline/Pipeline.php(171): Illuminate\\View\\Middleware\\ShareErrorsFromSession->handle()
#18 /home/fansyme/domains/fansyme.com/private_html/vendor/laravel/framework/src/Illuminate/Session/Middleware/StartSession.php(56): Illuminate\\Pipeline\\Pipeline->Illuminate\\Pipeline\\{closure}()
#19 /home/fansyme/domains/fansyme.com/private_html/vendor/laravel/framework/src/Illuminate/Pipeline/Pipeline.php(171): Illuminate\\Session\\Middleware\\StartSession->handle()
#20 /home/fansyme/domains/fansyme.com/private_html/vendor/laravel/framework/src/Illuminate/Cookie/Middleware/AddQueuedCookiesToResponse.php(37): Illuminate\\Pipeline\\Pipeline->Illuminate\\Pipeline\\{closure}()
#21 /home/fansyme/domains/fansyme.com/private_html/vendor/laravel/framework/src/Illuminate/Pipeline/Pipeline.php(171): Illuminate\\Cookie\\Middleware\\AddQueuedCookiesToResponse->handle()
#22 /home/fansyme/domains/fansyme.com/private_html/vendor/laravel/framework/src/Illuminate/Cookie/Middleware/EncryptCookies.php(67): Illuminate\\Pipeline\\Pipeline->Illuminate\\Pipeline\\{closure}()
#23 /home/fansyme/domains/fansyme.com/private_html/vendor/laravel/framework/src/Illuminate/Pipeline/Pipeline.php(171): Illuminate\\Cookie\\Middleware\\EncryptCookies->handle()
#24 /home/fansyme/domains/fansyme.com/private_html/vendor/laravel/framework/src/Illuminate/Pipeline/Pipeline.php(105): Illuminate\\Pipeline\\Pipeline->Illuminate\\Pipeline\\{closure}()
#25 /home/fansyme/domains/fansyme.com/private_html/vendor/laravel/framework/src/Illuminate/Routing/Router.php(688): Illuminate\\Pipeline\\Pipeline->then()
#26 /home/fansyme/domains/fansyme.com/private_html/vendor/laravel/framework/src/Illuminate/Routing/Router.php(663): Illuminate\\Routing\\Router->runRouteWithinStack()
#27 /home/fansyme/domains/fansyme.com/private_html/vendor/laravel/framework/src/Illuminate/Routing/Router.php(629): Illuminate\\Routing\\Router->runRoute()
#28 /home/fansyme/domains/fansyme.com/private_html/vendor/laravel/framework/src/Illuminate/Routing/Router.php(618): Illuminate\\Routing\\Router->dispatchToRoute()
#29 /home/fansyme/domains/fansyme.com/private_html/vendor/laravel/framework/src/Illuminate/Foundation/Http/Kernel.php(172): Illuminate\\Routing\\Router->dispatch()
#30 /home/fansyme/domains/fansyme.com/private_html/vendor/laravel/framework/src/Illuminate/Pipeline/Pipeline.php(130): Illuminate\\Foundation\\Http\\Kernel->Illuminate\\Foundation\\Http\\{closure}()
#31 /home/fansyme/domains/fansyme.com/private_html/vendor/fideloper/proxy/src/TrustProxies.php(57): Illuminate\\Pipeline\\Pipeline->Illuminate\\Pipeline\\{closure}()
#32 /home/fansyme/domains/fansyme.com/private_html/vendor/laravel/framework/src/Illuminate/Pipeline/Pipeline.php(171): Fideloper\\Proxy\\TrustProxies->handle()
#33 /home/fansyme/domains/fansyme.com/private_html/vendor/laravel/framework/src/Illuminate/Foundation/Http/Middleware/TransformsRequest.php(21): Illuminate\\Pipeline\\Pipeline->Illuminate\\Pipeline\\{closure}()
#34 /home/fansyme/domains/fansyme.com/private_html/vendor/laravel/framework/src/Illuminate/Pipeline/Pipeline.php(171): Illuminate\\Foundation\\Http\\Middleware\\TransformsRequest->handle()
#35 /home/fansyme/domains/fansyme.com/private_html/vendor/laravel/framework/src/Illuminate/Foundation/Http/Middleware/TransformsRequest.php(21): Illuminate\\Pipeline\\Pipeline->Illuminate\\Pipeline\\{closure}()
#36 /home/fansyme/domains/fansyme.com/private_html/vendor/laravel/framework/src/Illuminate/Pipeline/Pipeline.php(171): Illuminate\\Foundation\\Http\\Middleware\\TransformsRequest->handle()
#37 /home/fansyme/domains/fansyme.com/private_html/vendor/laravel/framework/src/Illuminate/Foundation/Http/Middleware/ValidatePostSize.php(27): Illuminate\\Pipeline\\Pipeline->Illuminate\\Pipeline\\{closure}()
#38 /home/fansyme/domains/fansyme.com/private_html/vendor/laravel/framework/src/Illuminate/Pipeline/Pipeline.php(171): Illuminate\\Foundation\\Http\\Middleware\\ValidatePostSize->handle()
#39 /home/fansyme/domains/fansyme.com/private_html/vendor/laravel/framework/src/Illuminate/Foundation/Http/Middleware/CheckForMaintenanceMode.php(63): Illuminate\\Pipeline\\Pipeline->Illuminate\\Pipeline\\{closure}()
#40 /home/fansyme/domains/fansyme.com/private_html/vendor/laravel/framework/src/Illuminate/Pipeline/Pipeline.php(171): Illuminate\\Foundation\\Http\\Middleware\\CheckForMaintenanceMode->handle()
#41 /home/fansyme/domains/fansyme.com/private_html/vendor/laravel/framework/src/Illuminate/Pipeline/Pipeline.php(105): Illuminate\\Pipeline\\Pipeline->Illuminate\\Pipeline\\{closure}()
#42 /home/fansyme/domains/fansyme.com/private_html/vendor/laravel/framework/src/Illuminate/Foundation/Http/Kernel.php(147): Illuminate\\Pipeline\\Pipeline->then()
#43 /home/fansyme/domains/fansyme.com/private_html/vendor/laravel/framework/src/Illuminate/Foundation/Http/Kernel.php(112): Illuminate\\Foundation\\Http\\Kernel->sendRequestThroughRouter()
#44 /home/fansyme/domains/fansyme.com/private_html/index.php(53): Illuminate\\Foundation\\Http\\Kernel->handle()
#45 {main}
"} 
[2021-08-23 11:00:48] production.ERROR: Undefined index: name {"userId":35,"exception":"[object] (ErrorException(code: 0): Undefined index: name at /home/fansyme/domains/fansyme.com/private_html/vendor/livewire/livewire/src/Connection/ConnectionHandler.php:13)
[stacktrace]
#0 /home/fansyme/domains/fansyme.com/private_html/vendor/livewire/livewire/src/Connection/ConnectionHandler.php(13): Illuminate\\Foundation\\Bootstrap\\HandleExceptions->handleError()
#1 /home/fansyme/domains/fansyme.com/private_html/vendor/livewire/livewire/src/Controllers/HttpConnectionHandler.php(13): Livewire\\Connection\\ConnectionHandler->handle()
#2 /home/fansyme/domains/fansyme.com/private_html/vendor/laravel/framework/src/Illuminate/Routing/ControllerDispatcher.php(48): Livewire\\Controllers\\HttpConnectionHandler->__invoke()
#3 /home/fansyme/domains/fansyme.com/private_html/vendor/laravel/framework/src/Illuminate/Routing/Route.php(219): Illuminate\\Routing\\ControllerDispatcher->dispatch()
#4 /home/fansyme/domains/fansyme.com/private_html/vendor/laravel/framework/src/Illuminate/Routing/Route.php(176): Illuminate\\Routing\\Route->runController()
#5 /home/fansyme/domains/fansyme.com/private_html/vendor/laravel/framework/src/Illuminate/Routing/Router.php(686): Illuminate\\Routing\\Route->run()
#6 /home/fansyme/domains/fansyme.com/private_html/vendor/laravel/framework/src/Illuminate/Pipeline/Pipeline.php(130): Illuminate\\Routing\\Router->Illuminate\\Routing\\{closure}()
#7 /home/fansyme/domains/fansyme.com/private_html/app/Http/Middleware/UserLastAuthMiddleware.php(59): Illuminate\\Pipeline\\Pipeline->Illuminate\\Pipeline\\{closure}()
#8 /home/fansyme/domains/fansyme.com/private_html/vendor/laravel/framework/src/Illuminate/Pipeline/Pipeline.php(171): App\\Http\\Middleware\\UserLastAuthMiddleware->handle()
#9 /home/fansyme/domains/fansyme.com/private_html/vendor/uxweb/sweet-alert/src/SweetAlert/ConvertMessagesIntoSweetAlert.php(49): Illuminate\\Pipeline\\Pipeline->Illuminate\\Pipeline\\{closure}()
#10 /home/fansyme/domains/fansyme.com/private_html/vendor/laravel/framework/src/Illuminate/Pipeline/Pipeline.php(171): UxWeb\\SweetAlert\\ConvertMessagesIntoSweetAlert->handle()
#11 /home/fansyme/domains/fansyme.com/private_html/vendor/laravel/framework/src/Illuminate/Routing/Middleware/SubstituteBindings.php(41): Illuminate\\Pipeline\\Pipeline->Illuminate\\Pipeline\\{closure}()
#12 /home/fansyme/domains/fansyme.com/private_html/vendor/laravel/framework/src/Illuminate/Pipeline/Pipeline.php(171): Illuminate\\Routing\\Middleware\\SubstituteBindings->handle()
#13 /home/fansyme/domains/fansyme.com/private_html/vendor/laravel/framework/src/Illuminate/Foundation/Http/Middleware/VerifyCsrfToken.php(77): Illuminate\\Pipeline\\Pipeline->Illuminate\\Pipeline\\{closure}()
#14 /home/fansyme/domains/fansyme.com/private_html/vendor/laravel/framework/src/Illuminate/Pipeline/Pipeline.php(171): Illuminate\\Foundation\\Http\\Middleware\\VerifyCsrfToken->handle()
#15 /home/fansyme/domains/fansyme.com/private_html/vendor/laravel/framework/src/Illuminate/View/Middleware/ShareErrorsFromSession.php(49): Illuminate\\Pipeline\\Pipeline->Illuminate\\Pipeline\\{closure}()
#16 /home/fansyme/domains/fansyme.com/private_html/vendor/laravel/framework/src/Illuminate/Pipeline/Pipeline.php(171): Illuminate\\View\\Middleware\\ShareErrorsFromSession->handle()
#17 /home/fansyme/domains/fansyme.com/private_html/vendor/laravel/framework/src/Illuminate/Session/Middleware/StartSession.php(56): Illuminate\\Pipeline\\Pipeline->Illuminate\\Pipeline\\{closure}()
#18 /home/fansyme/domains/fansyme.com/private_html/vendor/laravel/framework/src/Illuminate/Pipeline/Pipeline.php(171): Illuminate\\Session\\Middleware\\StartSession->handle()
#19 /home/fansyme/domains/fansyme.com/private_html/vendor/laravel/framework/src/Illuminate/Cookie/Middleware/AddQueuedCookiesToResponse.php(37): Illuminate\\Pipeline\\Pipeline->Illuminate\\Pipeline\\{closure}()
#20 /home/fansyme/domains/fansyme.com/private_html/vendor/laravel/framework/src/Illuminate/Pipeline/Pipeline.php(171): Illuminate\\Cookie\\Middleware\\AddQueuedCookiesToResponse->handle()
#21 /home/fansyme/domains/fansyme.com/private_html/vendor/laravel/framework/src/Illuminate/Cookie/Middleware/EncryptCookies.php(67): Illuminate\\Pipeline\\Pipeline->Illuminate\\Pipeline\\{closure}()
#22 /home/fansyme/domains/fansyme.com/private_html/vendor/laravel/framework/src/Illuminate/Pipeline/Pipeline.php(171): Illuminate\\Cookie\\Middleware\\EncryptCookies->handle()
#23 /home/fansyme/domains/fansyme.com/private_html/vendor/laravel/framework/src/Illuminate/Pipeline/Pipeline.php(105): Illuminate\\Pipeline\\Pipeline->Illuminate\\Pipeline\\{closure}()
#24 /home/fansyme/domains/fansyme.com/private_html/vendor/laravel/framework/src/Illuminate/Routing/Router.php(688): Illuminate\\Pipeline\\Pipeline->then()
#25 /home/fansyme/domains/fansyme.com/private_html/vendor/laravel/framework/src/Illuminate/Routing/Router.php(663): Illuminate\\Routing\\Router->runRouteWithinStack()
#26 /home/fansyme/domains/fansyme.com/private_html/vendor/laravel/framework/src/Illuminate/Routing/Router.php(629): Illuminate\\Routing\\Router->runRoute()
#27 /home/fansyme/domains/fansyme.com/private_html/vendor/laravel/framework/src/Illuminate/Routing/Router.php(618): Illuminate\\Routing\\Router->dispatchToRoute()
#28 /home/fansyme/domains/fansyme.com/private_html/vendor/laravel/framework/src/Illuminate/Foundation/Http/Kernel.php(172): Illuminate\\Routing\\Router->dispatch()
#29 /home/fansyme/domains/fansyme.com/private_html/vendor/laravel/framework/src/Illuminate/Pipeline/Pipeline.php(130): Illuminate\\Foundation\\Http\\Kernel->Illuminate\\Foundation\\Http\\{closure}()
#30 /home/fansyme/domains/fansyme.com/private_html/vendor/fideloper/proxy/src/TrustProxies.php(57): Illuminate\\Pipeline\\Pipeline->Illuminate\\Pipeline\\{closure}()
#31 /home/fansyme/domains/fansyme.com/private_html/vendor/laravel/framework/src/Illuminate/Pipeline/Pipeline.php(171): Fideloper\\Proxy\\TrustProxies->handle()
#32 /home/fansyme/domains/fansyme.com/private_html/vendor/laravel/framework/src/Illuminate/Foundation/Http/Middleware/ValidatePostSize.php(27): Illuminate\\Pipeline\\Pipeline->Illuminate\\Pipeline\\{closure}()
#33 /home/fansyme/domains/fansyme.com/private_html/vendor/laravel/framework/src/Illuminate/Pipeline/Pipeline.php(171): Illuminate\\Foundation\\Http\\Middleware\\ValidatePostSize->handle()
#34 /home/fansyme/domains/fansyme.com/private_html/vendor/laravel/framework/src/Illuminate/Foundation/Http/Middleware/CheckForMaintenanceMode.php(63): Illuminate\\Pipeline\\Pipeline->Illuminate\\Pipeline\\{closure}()
#35 /home/fansyme/domains/fansyme.com/private_html/vendor/laravel/framework/src/Illuminate/Pipeline/Pipeline.php(171): Illuminate\\Foundation\\Http\\Middleware\\CheckForMaintenanceMode->handle()
#36 /home/fansyme/domains/fansyme.com/private_html/vendor/laravel/framework/src/Illuminate/Pipeline/Pipeline.php(105): Illuminate\\Pipeline\\Pipeline->Illuminate\\Pipeline\\{closure}()
#37 /home/fansyme/domains/fansyme.com/private_html/vendor/laravel/framework/src/Illuminate/Foundation/Http/Kernel.php(147): Illuminate\\Pipeline\\Pipeline->then()
#38 /home/fansyme/domains/fansyme.com/private_html/vendor/laravel/framework/src/Illuminate/Foundation/Http/Kernel.php(112): Illuminate\\Foundation\\Http\\Kernel->sendRequestThroughRouter()
#39 /home/fansyme/domains/fansyme.com/private_html/index.php(53): Illuminate\\Foundation\\Http\\Kernel->handle()
#40 {main}
"} 
